[2016-11-13 13:44:24] local.ERROR: exception 'Symfony\Component\Console\Exception\RuntimeException' with message 'Not enough arguments (missing: "name").' in C:\xampp\htdocs\mongo\vendor\symfony\console\Input\Input.php:83
Stack trace:
#0 C:\xampp\htdocs\mongo\vendor\symfony\console\Command\Command.php(251): Symfony\Component\Console\Input\Input->validate()
#1 C:\xampp\htdocs\mongo\vendor\laravel\framework\src\Illuminate\Console\Command.php(155): Symfony\Component\Console\Command\Command->run(Object(Symfony\Component\Console\Input\ArgvInput), Object(Symfony\Component\Console\Output\ConsoleOutput))
#2 C:\xampp\htdocs\mongo\vendor\symfony\console\Application.php(820): Illuminate\Console\Command->run(Object(Symfony\Component\Console\Input\ArgvInput), Object(Symfony\Component\Console\Output\ConsoleOutput))
#3 C:\xampp\htdocs\mongo\vendor\symfony\console\Application.php(187): Symfony\Component\Console\Application->doRunCommand(Object(Illuminate\Foundation\Console\ModelMakeCommand), Object(Symfony\Component\Console\Input\ArgvInput), Object(Symfony\Component\Console\Output\ConsoleOutput))
#4 C:\xampp\htdocs\mongo\vendor\symfony\console\Application.php(118): Symfony\Component\Console\Application->doRun(Object(Symfony\Component\Console\Input\ArgvInput), Object(Symfony\Component\Console\Output\ConsoleOutput))
#5 C:\xampp\htdocs\mongo\vendor\laravel\framework\src\Illuminate\Foundation\Console\Kernel.php(121): Symfony\Component\Console\Application->run(Object(Symfony\Component\Console\Input\ArgvInput), Object(Symfony\Component\Console\Output\ConsoleOutput))
#6 C:\xampp\htdocs\mongo\artisan(36): Illuminate\Foundation\Console\Kernel->handle(Object(Symfony\Component\Console\Input\ArgvInput), Object(Symfony\Component\Console\Output\ConsoleOutput))
#7 {main}  
[2016-11-13 13:49:26] local.ERROR: exception 'MongoDB\Driver\Exception\ConnectionTimeoutException' with message 'No suitable servers found (`serverselectiontryonce` set): [Failed connecting to '127.0.0.1:15891': No connection could be made because the target machine actively refused it.
]' in C:\xampp\htdocs\mongo\vendor\mongodb\mongodb\src\Collection.php:435
Stack trace:
#0 C:\xampp\htdocs\mongo\vendor\mongodb\mongodb\src\Collection.php(435): MongoDB\Driver\Manager->selectServer(Object(MongoDB\Driver\ReadPreference))
#1 [internal function]: MongoDB\Collection->find(Array, Array)
#2 C:\xampp\htdocs\mongo\vendor\jenssegers\mongodb\src\Jenssegers\Mongodb\Collection.php(42): call_user_func_array(Array, Array)
#3 C:\xampp\htdocs\mongo\vendor\jenssegers\mongodb\src\Jenssegers\Mongodb\Query\Builder.php(370): Jenssegers\Mongodb\Collection->__call('find', Array)
#4 C:\xampp\htdocs\mongo\vendor\jenssegers\mongodb\src\Jenssegers\Mongodb\Query\Builder.php(370): Jenssegers\Mongodb\Collection->find(Array, Array)
#5 C:\xampp\htdocs\mongo\vendor\jenssegers\mongodb\src\Jenssegers\Mongodb\Query\Builder.php(182): Jenssegers\Mongodb\Query\Builder->getFresh(Array)
#6 C:\xampp\htdocs\mongo\vendor\laravel\framework\src\Illuminate\Database\Eloquent\Builder.php(629): Jenssegers\Mongodb\Query\Builder->get(Array)
#7 C:\xampp\htdocs\mongo\vendor\laravel\framework\src\Illuminate\Database\Eloquent\Builder.php(324): Illuminate\Database\Eloquent\Builder->getModels(Array)
#8 C:\xampp\htdocs\mongo\vendor\laravel\framework\src\Illuminate\Database\Eloquent\Model.php(632): Illuminate\Database\Eloquent\Builder->get(Array)
#9 C:\xampp\htdocs\mongo\app\Http\Controllers\Check.php(23): Illuminate\Database\Eloquent\Model::all()
#10 [internal function]: App\Http\Controllers\Check->index(Object(Illuminate\Http\Request))
#11 C:\xampp\htdocs\mongo\vendor\laravel\framework\src\Illuminate\Routing\Controller.php(55): call_user_func_array(Array, Array)
#12 C:\xampp\htdocs\mongo\vendor\laravel\framework\src\Illuminate\Routing\ControllerDispatcher.php(44): Illuminate\Routing\Controller->callAction('index', Array)
#13 C:\xampp\htdocs\mongo\vendor\laravel\framework\src\Illuminate\Routing\Route.php(190): Illuminate\Routing\ControllerDispatcher->dispatch(Object(Illuminate\Routing\Route), Object(App\Http\Controllers\Check), 'index')
#14 C:\xampp\htdocs\mongo\vendor\laravel\framework\src\Illuminate\Routing\Route.php(144): Illuminate\Routing\Route->runController()
#15 C:\xampp\htdocs\mongo\vendor\laravel\framework\src\Illuminate\Routing\Router.php(642): Illuminate\Routing\Route->run(Object(Illuminate\Http\Request))
#16 C:\xampp\htdocs\mongo\vendor\laravel\framework\src\Illuminate\Routing\Pipeline.php(53): Illuminate\Routing\Router->Illuminate\Routing\{closure}(Object(Illuminate\Http\Request))
#17 C:\xampp\htdocs\mongo\vendor\laravel\framework\src\Illuminate\Routing\Middleware\SubstituteBindings.php(41): Illuminate\Routing\Pipeline->Illuminate\Routing\{closure}(Object(Illuminate\Http\Request))
#18 C:\xampp\htdocs\mongo\vendor\laravel\framework\src\Illuminate\Pipeline\Pipeline.php(137): Illuminate\Routing\Middleware\SubstituteBindings->handle(Object(Illuminate\Http\Request), Object(Closure))
#19 C:\xampp\htdocs\mongo\vendor\laravel\framework\src\Illuminate\Routing\Pipeline.php(33): Illuminate\Pipeline\Pipeline->Illuminate\Pipeline\{closure}(Object(Illuminate\Http\Request))
#20 C:\xampp\htdocs\mongo\vendor\laravel\framework\src\Illuminate\Foundation\Http\Middleware\VerifyCsrfToken.php(65): Illuminate\Routing\Pipeline->Illuminate\Routing\{closure}(Object(Illuminate\Http\Request))
#21 C:\xampp\htdocs\mongo\vendor\laravel\framework\src\Illuminate\Pipeline\Pipeline.php(137): Illuminate\Foundation\Http\Middleware\VerifyCsrfToken->handle(Object(Illuminate\Http\Request), Object(Closure))
#22 C:\xampp\htdocs\mongo\vendor\laravel\framework\src\Illuminate\Routing\Pipeline.php(33): Illuminate\Pipeline\Pipeline->Illuminate\Pipeline\{closure}(Object(Illuminate\Http\Request))
#23 C:\xampp\htdocs\mongo\vendor\laravel\framework\src\Illuminate\View\Middleware\ShareErrorsFromSession.php(49): Illuminate\Routing\Pipeline->Illuminate\Routing\{closure}(Object(Illuminate\Http\Request))
#24 C:\xampp\htdocs\mongo\vendor\laravel\framework\src\Illuminate\Pipeline\Pipeline.php(137): Illuminate\View\Middleware\ShareErrorsFromSession->handle(Object(Illuminate\Http\Request), Object(Closure))
#25 C:\xampp\htdocs\mongo\vendor\laravel\framework\src\Illuminate\Routing\Pipeline.php(33): Illuminate\Pipeline\Pipeline->Illuminate\Pipeline\{closure}(Object(Illuminate\Http\Request))
#26 C:\xampp\htdocs\mongo\vendor\laravel\framework\src\Illuminate\Session\Middleware\StartSession.php(64): Illuminate\Routing\Pipeline->Illuminate\Routing\{closure}(Object(Illuminate\Http\Request))
#27 C:\xampp\htdocs\mongo\vendor\laravel\framework\src\Illuminate\Pipeline\Pipeline.php(137): Illuminate\Session\Middleware\StartSession->handle(Object(Illuminate\Http\Request), Object(Closure))
#28 C:\xampp\htdocs\mongo\vendor\laravel\framework\src\Illuminate\Routing\Pipeline.php(33): Illuminate\Pipeline\Pipeline->Illuminate\Pipeline\{closure}(Object(Illuminate\Http\Request))
#29 C:\xampp\htdocs\mongo\vendor\laravel\framework\src\Illuminate\Cookie\Middleware\AddQueuedCookiesToResponse.php(37): Illuminate\Routing\Pipeline->Illuminate\Routing\{closure}(Object(Illuminate\Http\Request))
#30 C:\xampp\htdocs\mongo\vendor\laravel\framework\src\Illuminate\Pipeline\Pipeline.php(137): Illuminate\Cookie\Middleware\AddQueuedCookiesToResponse->handle(Object(Illuminate\Http\Request), Object(Closure))
#31 C:\xampp\htdocs\mongo\vendor\laravel\framework\src\Illuminate\Routing\Pipeline.php(33): Illuminate\Pipeline\Pipeline->Illuminate\Pipeline\{closure}(Object(Illuminate\Http\Request))
#32 C:\xampp\htdocs\mongo\vendor\laravel\framework\src\Illuminate\Cookie\Middleware\EncryptCookies.php(59): Illuminate\Routing\Pipeline->Illuminate\Routing\{closure}(Object(Illuminate\Http\Request))
#33 C:\xampp\htdocs\mongo\vendor\laravel\framework\src\Illuminate\Pipeline\Pipeline.php(137): Illuminate\Cookie\Middleware\EncryptCookies->handle(Object(Illuminate\Http\Request), Object(Closure))
#34 C:\xampp\htdocs\mongo\vendor\laravel\framework\src\Illuminate\Routing\Pipeline.php(33): Illuminate\Pipeline\Pipeline->Illuminate\Pipeline\{closure}(Object(Illuminate\Http\Request))
#35 C:\xampp\htdocs\mongo\vendor\laravel\framework\src\Illuminate\Pipeline\Pipeline.php(104): Illuminate\Routing\Pipeline->Illuminate\Routing\{closure}(Object(Illuminate\Http\Request))
#36 C:\xampp\htdocs\mongo\vendor\laravel\framework\src\Illuminate\Routing\Router.php(644): Illuminate\Pipeline\Pipeline->then(Object(Closure))
#37 C:\xampp\htdocs\mongo\vendor\laravel\framework\src\Illuminate\Routing\Router.php(618): Illuminate\Routing\Router->runRouteWithinStack(Object(Illuminate\Routing\Route), Object(Illuminate\Http\Request))
#38 C:\xampp\htdocs\mongo\vendor\laravel\framework\src\Illuminate\Routing\Router.php(596): Illuminate\Routing\Router->dispatchToRoute(Object(Illuminate\Http\Request))
#39 C:\xampp\htdocs\mongo\vendor\laravel\framework\src\Illuminate\Foundation\Http\Kernel.php(267): Illuminate\Routing\Router->dispatch(Object(Illuminate\Http\Request))
#40 C:\xampp\htdocs\mongo\vendor\laravel\framework\src\Illuminate\Routing\Pipeline.php(53): Illuminate\Foundation\Http\Kernel->Illuminate\Foundation\Http\{closure}(Object(Illuminate\Http\Request))
#41 C:\xampp\htdocs\mongo\vendor\laravel\framework\src\Illuminate\Foundation\Http\Middleware\CheckForMaintenanceMode.php(46): Illuminate\Routing\Pipeline->Illuminate\Routing\{closure}(Object(Illuminate\Http\Request))
#42 C:\xampp\htdocs\mongo\vendor\laravel\framework\src\Illuminate\Pipeline\Pipeline.php(137): Illuminate\Foundation\Http\Middleware\CheckForMaintenanceMode->handle(Object(Illuminate\Http\Request), Object(Closure))
#43 C:\xampp\htdocs\mongo\vendor\laravel\framework\src\Illuminate\Routing\Pipeline.php(33): Illuminate\Pipeline\Pipeline->Illuminate\Pipeline\{closure}(Object(Illuminate\Http\Request))
#44 C:\xampp\htdocs\mongo\vendor\laravel\framework\src\Illuminate\Pipeline\Pipeline.php(104): Illuminate\Routing\Pipeline->Illuminate\Routing\{closure}(Object(Illuminate\Http\Request))
#45 C:\xampp\htdocs\mongo\vendor\laravel\framework\src\Illuminate\Foundation\Http\Kernel.php(149): Illuminate\Pipeline\Pipeline->then(Object(Closure))
#46 C:\xampp\htdocs\mongo\vendor\laravel\framework\src\Illuminate\Foundation\Http\Kernel.php(116): Illuminate\Foundation\Http\Kernel->sendRequestThroughRouter(Object(Illuminate\Http\Request))
#47 C:\xampp\htdocs\mongo\public\index.php(54): Illuminate\Foundation\Http\Kernel->handle(Object(Illuminate\Http\Request))
#48 C:\xampp\htdocs\mongo\server.php(21): require_once('C:\\xampp\\htdocs...')
#49 {main}  
[2016-11-13 13:53:36] local.ERROR: exception 'MongoDB\Driver\Exception\ConnectionTimeoutException' with message 'No suitable servers found (`serverselectiontryonce` set): [Failed connecting to '127.0.0.1:51917': No connection could be made because the target machine actively refused it.
]' in C:\xampp\htdocs\mongo\vendor\mongodb\mongodb\src\Collection.php:435
Stack trace:
#0 C:\xampp\htdocs\mongo\vendor\mongodb\mongodb\src\Collection.php(435): MongoDB\Driver\Manager->selectServer(Object(MongoDB\Driver\ReadPreference))
#1 [internal function]: MongoDB\Collection->find(Array, Array)
#2 C:\xampp\htdocs\mongo\vendor\jenssegers\mongodb\src\Jenssegers\Mongodb\Collection.php(42): call_user_func_array(Array, Array)
#3 C:\xampp\htdocs\mongo\vendor\jenssegers\mongodb\src\Jenssegers\Mongodb\Query\Builder.php(370): Jenssegers\Mongodb\Collection->__call('find', Array)
#4 C:\xampp\htdocs\mongo\vendor\jenssegers\mongodb\src\Jenssegers\Mongodb\Query\Builder.php(370): Jenssegers\Mongodb\Collection->find(Array, Array)
#5 C:\xampp\htdocs\mongo\vendor\jenssegers\mongodb\src\Jenssegers\Mongodb\Query\Builder.php(182): Jenssegers\Mongodb\Query\Builder->getFresh(Array)
#6 C:\xampp\htdocs\mongo\vendor\laravel\framework\src\Illuminate\Database\Eloquent\Builder.php(629): Jenssegers\Mongodb\Query\Builder->get(Array)
#7 C:\xampp\htdocs\mongo\vendor\laravel\framework\src\Illuminate\Database\Eloquent\Builder.php(324): Illuminate\Database\Eloquent\Builder->getModels(Array)
#8 C:\xampp\htdocs\mongo\vendor\laravel\framework\src\Illuminate\Database\Eloquent\Model.php(632): Illuminate\Database\Eloquent\Builder->get(Array)
#9 C:\xampp\htdocs\mongo\app\Http\Controllers\Check.php(23): Illuminate\Database\Eloquent\Model::all()
#10 [internal function]: App\Http\Controllers\Check->index(Object(Illuminate\Http\Request))
#11 C:\xampp\htdocs\mongo\vendor\laravel\framework\src\Illuminate\Routing\Controller.php(55): call_user_func_array(Array, Array)
#12 C:\xampp\htdocs\mongo\vendor\laravel\framework\src\Illuminate\Routing\ControllerDispatcher.php(44): Illuminate\Routing\Controller->callAction('index', Array)
#13 C:\xampp\htdocs\mongo\vendor\laravel\framework\src\Illuminate\Routing\Route.php(190): Illuminate\Routing\ControllerDispatcher->dispatch(Object(Illuminate\Routing\Route), Object(App\Http\Controllers\Check), 'index')
#14 C:\xampp\htdocs\mongo\vendor\laravel\framework\src\Illuminate\Routing\Route.php(144): Illuminate\Routing\Route->runController()
#15 C:\xampp\htdocs\mongo\vendor\laravel\framework\src\Illuminate\Routing\Router.php(642): Illuminate\Routing\Route->run(Object(Illuminate\Http\Request))
#16 C:\xampp\htdocs\mongo\vendor\laravel\framework\src\Illuminate\Routing\Pipeline.php(53): Illuminate\Routing\Router->Illuminate\Routing\{closure}(Object(Illuminate\Http\Request))
#17 C:\xampp\htdocs\mongo\vendor\laravel\framework\src\Illuminate\Routing\Middleware\SubstituteBindings.php(41): Illuminate\Routing\Pipeline->Illuminate\Routing\{closure}(Object(Illuminate\Http\Request))
#18 C:\xampp\htdocs\mongo\vendor\laravel\framework\src\Illuminate\Pipeline\Pipeline.php(137): Illuminate\Routing\Middleware\SubstituteBindings->handle(Object(Illuminate\Http\Request), Object(Closure))
#19 C:\xampp\htdocs\mongo\vendor\laravel\framework\src\Illuminate\Routing\Pipeline.php(33): Illuminate\Pipeline\Pipeline->Illuminate\Pipeline\{closure}(Object(Illuminate\Http\Request))
#20 C:\xampp\htdocs\mongo\vendor\laravel\framework\src\Illuminate\Foundation\Http\Middleware\VerifyCsrfToken.php(65): Illuminate\Routing\Pipeline->Illuminate\Routing\{closure}(Object(Illuminate\Http\Request))
#21 C:\xampp\htdocs\mongo\vendor\laravel\framework\src\Illuminate\Pipeline\Pipeline.php(137): Illuminate\Foundation\Http\Middleware\VerifyCsrfToken->handle(Object(Illuminate\Http\Request), Object(Closure))
#22 C:\xampp\htdocs\mongo\vendor\laravel\framework\src\Illuminate\Routing\Pipeline.php(33): Illuminate\Pipeline\Pipeline->Illuminate\Pipeline\{closure}(Object(Illuminate\Http\Request))
#23 C:\xampp\htdocs\mongo\vendor\laravel\framework\src\Illuminate\View\Middleware\ShareErrorsFromSession.php(49): Illuminate\Routing\Pipeline->Illuminate\Routing\{closure}(Object(Illuminate\Http\Request))
#24 C:\xampp\htdocs\mongo\vendor\laravel\framework\src\Illuminate\Pipeline\Pipeline.php(137): Illuminate\View\Middleware\ShareErrorsFromSession->handle(Object(Illuminate\Http\Request), Object(Closure))
#25 C:\xampp\htdocs\mongo\vendor\laravel\framework\src\Illuminate\Routing\Pipeline.php(33): Illuminate\Pipeline\Pipeline->Illuminate\Pipeline\{closure}(Object(Illuminate\Http\Request))
#26 C:\xampp\htdocs\mongo\vendor\laravel\framework\src\Illuminate\Session\Middleware\StartSession.php(64): Illuminate\Routing\Pipeline->Illuminate\Routing\{closure}(Object(Illuminate\Http\Request))
#27 C:\xampp\htdocs\mongo\vendor\laravel\framework\src\Illuminate\Pipeline\Pipeline.php(137): Illuminate\Session\Middleware\StartSession->handle(Object(Illuminate\Http\Request), Object(Closure))
#28 C:\xampp\htdocs\mongo\vendor\laravel\framework\src\Illuminate\Routing\Pipeline.php(33): Illuminate\Pipeline\Pipeline->Illuminate\Pipeline\{closure}(Object(Illuminate\Http\Request))
#29 C:\xampp\htdocs\mongo\vendor\laravel\framework\src\Illuminate\Cookie\Middleware\AddQueuedCookiesToResponse.php(37): Illuminate\Routing\Pipeline->Illuminate\Routing\{closure}(Object(Illuminate\Http\Request))
#30 C:\xampp\htdocs\mongo\vendor\laravel\framework\src\Illuminate\Pipeline\Pipeline.php(137): Illuminate\Cookie\Middleware\AddQueuedCookiesToResponse->handle(Object(Illuminate\Http\Request), Object(Closure))
#31 C:\xampp\htdocs\mongo\vendor\laravel\framework\src\Illuminate\Routing\Pipeline.php(33): Illuminate\Pipeline\Pipeline->Illuminate\Pipeline\{closure}(Object(Illuminate\Http\Request))
#32 C:\xampp\htdocs\mongo\vendor\laravel\framework\src\Illuminate\Cookie\Middleware\EncryptCookies.php(59): Illuminate\Routing\Pipeline->Illuminate\Routing\{closure}(Object(Illuminate\Http\Request))
#33 C:\xampp\htdocs\mongo\vendor\laravel\framework\src\Illuminate\Pipeline\Pipeline.php(137): Illuminate\Cookie\Middleware\EncryptCookies->handle(Object(Illuminate\Http\Request), Object(Closure))
#34 C:\xampp\htdocs\mongo\vendor\laravel\framework\src\Illuminate\Routing\Pipeline.php(33): Illuminate\Pipeline\Pipeline->Illuminate\Pipeline\{closure}(Object(Illuminate\Http\Request))
#35 C:\xampp\htdocs\mongo\vendor\laravel\framework\src\Illuminate\Pipeline\Pipeline.php(104): Illuminate\Routing\Pipeline->Illuminate\Routing\{closure}(Object(Illuminate\Http\Request))
#36 C:\xampp\htdocs\mongo\vendor\laravel\framework\src\Illuminate\Routing\Router.php(644): Illuminate\Pipeline\Pipeline->then(Object(Closure))
#37 C:\xampp\htdocs\mongo\vendor\laravel\framework\src\Illuminate\Routing\Router.php(618): Illuminate\Routing\Router->runRouteWithinStack(Object(Illuminate\Routing\Route), Object(Illuminate\Http\Request))
#38 C:\xampp\htdocs\mongo\vendor\laravel\framework\src\Illuminate\Routing\Router.php(596): Illuminate\Routing\Router->dispatchToRoute(Object(Illuminate\Http\Request))
#39 C:\xampp\htdocs\mongo\vendor\laravel\framework\src\Illuminate\Foundation\Http\Kernel.php(267): Illuminate\Routing\Router->dispatch(Object(Illuminate\Http\Request))
#40 C:\xampp\htdocs\mongo\vendor\laravel\framework\src\Illuminate\Routing\Pipeline.php(53): Illuminate\Foundation\Http\Kernel->Illuminate\Foundation\Http\{closure}(Object(Illuminate\Http\Request))
#41 C:\xampp\htdocs\mongo\vendor\laravel\framework\src\Illuminate\Foundation\Http\Middleware\CheckForMaintenanceMode.php(46): Illuminate\Routing\Pipeline->Illuminate\Routing\{closure}(Object(Illuminate\Http\Request))
#42 C:\xampp\htdocs\mongo\vendor\laravel\framework\src\Illuminate\Pipeline\Pipeline.php(137): Illuminate\Foundation\Http\Middleware\CheckForMaintenanceMode->handle(Object(Illuminate\Http\Request), Object(Closure))
#43 C:\xampp\htdocs\mongo\vendor\laravel\framework\src\Illuminate\Routing\Pipeline.php(33): Illuminate\Pipeline\Pipeline->Illuminate\Pipeline\{closure}(Object(Illuminate\Http\Request))
#44 C:\xampp\htdocs\mongo\vendor\laravel\framework\src\Illuminate\Pipeline\Pipeline.php(104): Illuminate\Routing\Pipeline->Illuminate\Routing\{closure}(Object(Illuminate\Http\Request))
#45 C:\xampp\htdocs\mongo\vendor\laravel\framework\src\Illuminate\Foundation\Http\Kernel.php(149): Illuminate\Pipeline\Pipeline->then(Object(Closure))
#46 C:\xampp\htdocs\mongo\vendor\laravel\framework\src\Illuminate\Foundation\Http\Kernel.php(116): Illuminate\Foundation\Http\Kernel->sendRequestThroughRouter(Object(Illuminate\Http\Request))
#47 C:\xampp\htdocs\mongo\public\index.php(54): Illuminate\Foundation\Http\Kernel->handle(Object(Illuminate\Http\Request))
#48 C:\xampp\htdocs\mongo\server.php(21): require_once('C:\\xampp\\htdocs...')
#49 {main}  
[2016-11-13 13:54:03] local.ERROR: exception 'MongoDB\Driver\Exception\RuntimeException' with message 'not authorized on nodeKnock to execute command { find: "users", filter: {} }' in C:\xampp\htdocs\mongo\vendor\mongodb\mongodb\src\Operation\Find.php:180
Stack trace:
#0 C:\xampp\htdocs\mongo\vendor\mongodb\mongodb\src\Operation\Find.php(180): MongoDB\Driver\Server->executeQuery('nodeKnock.users', Object(MongoDB\Driver\Query), Object(MongoDB\Driver\ReadPreference))
#1 C:\xampp\htdocs\mongo\vendor\mongodb\mongodb\src\Collection.php(437): MongoDB\Operation\Find->execute(Object(MongoDB\Driver\Server))
#2 [internal function]: MongoDB\Collection->find(Array, Array)
#3 C:\xampp\htdocs\mongo\vendor\jenssegers\mongodb\src\Jenssegers\Mongodb\Collection.php(42): call_user_func_array(Array, Array)
#4 C:\xampp\htdocs\mongo\vendor\jenssegers\mongodb\src\Jenssegers\Mongodb\Query\Builder.php(370): Jenssegers\Mongodb\Collection->__call('find', Array)
#5 C:\xampp\htdocs\mongo\vendor\jenssegers\mongodb\src\Jenssegers\Mongodb\Query\Builder.php(370): Jenssegers\Mongodb\Collection->find(Array, Array)
#6 C:\xampp\htdocs\mongo\vendor\jenssegers\mongodb\src\Jenssegers\Mongodb\Query\Builder.php(182): Jenssegers\Mongodb\Query\Builder->getFresh(Array)
#7 C:\xampp\htdocs\mongo\vendor\laravel\framework\src\Illuminate\Database\Eloquent\Builder.php(629): Jenssegers\Mongodb\Query\Builder->get(Array)
#8 C:\xampp\htdocs\mongo\vendor\laravel\framework\src\Illuminate\Database\Eloquent\Builder.php(324): Illuminate\Database\Eloquent\Builder->getModels(Array)
#9 C:\xampp\htdocs\mongo\vendor\laravel\framework\src\Illuminate\Database\Eloquent\Model.php(632): Illuminate\Database\Eloquent\Builder->get(Array)
#10 C:\xampp\htdocs\mongo\app\Http\Controllers\Check.php(23): Illuminate\Database\Eloquent\Model::all()
#11 [internal function]: App\Http\Controllers\Check->index(Object(Illuminate\Http\Request))
#12 C:\xampp\htdocs\mongo\vendor\laravel\framework\src\Illuminate\Routing\Controller.php(55): call_user_func_array(Array, Array)
#13 C:\xampp\htdocs\mongo\vendor\laravel\framework\src\Illuminate\Routing\ControllerDispatcher.php(44): Illuminate\Routing\Controller->callAction('index', Array)
#14 C:\xampp\htdocs\mongo\vendor\laravel\framework\src\Illuminate\Routing\Route.php(190): Illuminate\Routing\ControllerDispatcher->dispatch(Object(Illuminate\Routing\Route), Object(App\Http\Controllers\Check), 'index')
#15 C:\xampp\htdocs\mongo\vendor\laravel\framework\src\Illuminate\Routing\Route.php(144): Illuminate\Routing\Route->runController()
#16 C:\xampp\htdocs\mongo\vendor\laravel\framework\src\Illuminate\Routing\Router.php(642): Illuminate\Routing\Route->run(Object(Illuminate\Http\Request))
#17 C:\xampp\htdocs\mongo\vendor\laravel\framework\src\Illuminate\Routing\Pipeline.php(53): Illuminate\Routing\Router->Illuminate\Routing\{closure}(Object(Illuminate\Http\Request))
#18 C:\xampp\htdocs\mongo\vendor\laravel\framework\src\Illuminate\Routing\Middleware\SubstituteBindings.php(41): Illuminate\Routing\Pipeline->Illuminate\Routing\{closure}(Object(Illuminate\Http\Request))
#19 C:\xampp\htdocs\mongo\vendor\laravel\framework\src\Illuminate\Pipeline\Pipeline.php(137): Illuminate\Routing\Middleware\SubstituteBindings->handle(Object(Illuminate\Http\Request), Object(Closure))
#20 C:\xampp\htdocs\mongo\vendor\laravel\framework\src\Illuminate\Routing\Pipeline.php(33): Illuminate\Pipeline\Pipeline->Illuminate\Pipeline\{closure}(Object(Illuminate\Http\Request))
#21 C:\xampp\htdocs\mongo\vendor\laravel\framework\src\Illuminate\Foundation\Http\Middleware\VerifyCsrfToken.php(65): Illuminate\Routing\Pipeline->Illuminate\Routing\{closure}(Object(Illuminate\Http\Request))
#22 C:\xampp\htdocs\mongo\vendor\laravel\framework\src\Illuminate\Pipeline\Pipeline.php(137): Illuminate\Foundation\Http\Middleware\VerifyCsrfToken->handle(Object(Illuminate\Http\Request), Object(Closure))
#23 C:\xampp\htdocs\mongo\vendor\laravel\framework\src\Illuminate\Routing\Pipeline.php(33): Illuminate\Pipeline\Pipeline->Illuminate\Pipeline\{closure}(Object(Illuminate\Http\Request))
#24 C:\xampp\htdocs\mongo\vendor\laravel\framework\src\Illuminate\View\Middleware\ShareErrorsFromSession.php(49): Illuminate\Routing\Pipeline->Illuminate\Routing\{closure}(Object(Illuminate\Http\Request))
#25 C:\xampp\htdocs\mongo\vendor\laravel\framework\src\Illuminate\Pipeline\Pipeline.php(137): Illuminate\View\Middleware\ShareErrorsFromSession->handle(Object(Illuminate\Http\Request), Object(Closure))
#26 C:\xampp\htdocs\mongo\vendor\laravel\framework\src\Illuminate\Routing\Pipeline.php(33): Illuminate\Pipeline\Pipeline->Illuminate\Pipeline\{closure}(Object(Illuminate\Http\Request))
#27 C:\xampp\htdocs\mongo\vendor\laravel\framework\src\Illuminate\Session\Middleware\StartSession.php(64): Illuminate\Routing\Pipeline->Illuminate\Routing\{closure}(Object(Illuminate\Http\Request))
#28 C:\xampp\htdocs\mongo\vendor\laravel\framework\src\Illuminate\Pipeline\Pipeline.php(137): Illuminate\Session\Middleware\StartSession->handle(Object(Illuminate\Http\Request), Object(Closure))
#29 C:\xampp\htdocs\mongo\vendor\laravel\framework\src\Illuminate\Routing\Pipeline.php(33): Illuminate\Pipeline\Pipeline->Illuminate\Pipeline\{closure}(Object(Illuminate\Http\Request))
#30 C:\xampp\htdocs\mongo\vendor\laravel\framework\src\Illuminate\Cookie\Middleware\AddQueuedCookiesToResponse.php(37): Illuminate\Routing\Pipeline->Illuminate\Routing\{closure}(Object(Illuminate\Http\Request))
#31 C:\xampp\htdocs\mongo\vendor\laravel\framework\src\Illuminate\Pipeline\Pipeline.php(137): Illuminate\Cookie\Middleware\AddQueuedCookiesToResponse->handle(Object(Illuminate\Http\Request), Object(Closure))
#32 C:\xampp\htdocs\mongo\vendor\laravel\framework\src\Illuminate\Routing\Pipeline.php(33): Illuminate\Pipeline\Pipeline->Illuminate\Pipeline\{closure}(Object(Illuminate\Http\Request))
#33 C:\xampp\htdocs\mongo\vendor\laravel\framework\src\Illuminate\Cookie\Middleware\EncryptCookies.php(59): Illuminate\Routing\Pipeline->Illuminate\Routing\{closure}(Object(Illuminate\Http\Request))
#34 C:\xampp\htdocs\mongo\vendor\laravel\framework\src\Illuminate\Pipeline\Pipeline.php(137): Illuminate\Cookie\Middleware\EncryptCookies->handle(Object(Illuminate\Http\Request), Object(Closure))
#35 C:\xampp\htdocs\mongo\vendor\laravel\framework\src\Illuminate\Routing\Pipeline.php(33): Illuminate\Pipeline\Pipeline->Illuminate\Pipeline\{closure}(Object(Illuminate\Http\Request))
#36 C:\xampp\htdocs\mongo\vendor\laravel\framework\src\Illuminate\Pipeline\Pipeline.php(104): Illuminate\Routing\Pipeline->Illuminate\Routing\{closure}(Object(Illuminate\Http\Request))
#37 C:\xampp\htdocs\mongo\vendor\laravel\framework\src\Illuminate\Routing\Router.php(644): Illuminate\Pipeline\Pipeline->then(Object(Closure))
#38 C:\xampp\htdocs\mongo\vendor\laravel\framework\src\Illuminate\Routing\Router.php(618): Illuminate\Routing\Router->runRouteWithinStack(Object(Illuminate\Routing\Route), Object(Illuminate\Http\Request))
#39 C:\xampp\htdocs\mongo\vendor\laravel\framework\src\Illuminate\Routing\Router.php(596): Illuminate\Routing\Router->dispatchToRoute(Object(Illuminate\Http\Request))
#40 C:\xampp\htdocs\mongo\vendor\laravel\framework\src\Illuminate\Foundation\Http\Kernel.php(267): Illuminate\Routing\Router->dispatch(Object(Illuminate\Http\Request))
#41 C:\xampp\htdocs\mongo\vendor\laravel\framework\src\Illuminate\Routing\Pipeline.php(53): Illuminate\Foundation\Http\Kernel->Illuminate\Foundation\Http\{closure}(Object(Illuminate\Http\Request))
#42 C:\xampp\htdocs\mongo\vendor\laravel\framework\src\Illuminate\Foundation\Http\Middleware\CheckForMaintenanceMode.php(46): Illuminate\Routing\Pipeline->Illuminate\Routing\{closure}(Object(Illuminate\Http\Request))
#43 C:\xampp\htdocs\mongo\vendor\laravel\framework\src\Illuminate\Pipeline\Pipeline.php(137): Illuminate\Foundation\Http\Middleware\CheckForMaintenanceMode->handle(Object(Illuminate\Http\Request), Object(Closure))
#44 C:\xampp\htdocs\mongo\vendor\laravel\framework\src\Illuminate\Routing\Pipeline.php(33): Illuminate\Pipeline\Pipeline->Illuminate\Pipeline\{closure}(Object(Illuminate\Http\Request))
#45 C:\xampp\htdocs\mongo\vendor\laravel\framework\src\Illuminate\Pipeline\Pipeline.php(104): Illuminate\Routing\Pipeline->Illuminate\Routing\{closure}(Object(Illuminate\Http\Request))
#46 C:\xampp\htdocs\mongo\vendor\laravel\framework\src\Illuminate\Foundation\Http\Kernel.php(149): Illuminate\Pipeline\Pipeline->then(Object(Closure))
#47 C:\xampp\htdocs\mongo\vendor\laravel\framework\src\Illuminate\Foundation\Http\Kernel.php(116): Illuminate\Foundation\Http\Kernel->sendRequestThroughRouter(Object(Illuminate\Http\Request))
#48 C:\xampp\htdocs\mongo\public\index.php(54): Illuminate\Foundation\Http\Kernel->handle(Object(Illuminate\Http\Request))
#49 C:\xampp\htdocs\mongo\server.php(21): require_once('C:\\xampp\\htdocs...')
#50 {main}  
[2016-11-13 13:54:40] local.ERROR: exception 'MongoDB\Driver\Exception\RuntimeException' with message 'not authorized on nodeKnock to execute command { find: "users", filter: {} }' in C:\xampp\htdocs\mongo\vendor\mongodb\mongodb\src\Operation\Find.php:180
Stack trace:
#0 C:\xampp\htdocs\mongo\vendor\mongodb\mongodb\src\Operation\Find.php(180): MongoDB\Driver\Server->executeQuery('nodeKnock.users', Object(MongoDB\Driver\Query), Object(MongoDB\Driver\ReadPreference))
#1 C:\xampp\htdocs\mongo\vendor\mongodb\mongodb\src\Collection.php(437): MongoDB\Operation\Find->execute(Object(MongoDB\Driver\Server))
#2 [internal function]: MongoDB\Collection->find(Array, Array)
#3 C:\xampp\htdocs\mongo\vendor\jenssegers\mongodb\src\Jenssegers\Mongodb\Collection.php(42): call_user_func_array(Array, Array)
#4 C:\xampp\htdocs\mongo\vendor\jenssegers\mongodb\src\Jenssegers\Mongodb\Query\Builder.php(370): Jenssegers\Mongodb\Collection->__call('find', Array)
#5 C:\xampp\htdocs\mongo\vendor\jenssegers\mongodb\src\Jenssegers\Mongodb\Query\Builder.php(370): Jenssegers\Mongodb\Collection->find(Array, Array)
#6 C:\xampp\htdocs\mongo\vendor\jenssegers\mongodb\src\Jenssegers\Mongodb\Query\Builder.php(182): Jenssegers\Mongodb\Query\Builder->getFresh(Array)
#7 C:\xampp\htdocs\mongo\vendor\laravel\framework\src\Illuminate\Database\Eloquent\Builder.php(629): Jenssegers\Mongodb\Query\Builder->get(Array)
#8 C:\xampp\htdocs\mongo\vendor\laravel\framework\src\Illuminate\Database\Eloquent\Builder.php(324): Illuminate\Database\Eloquent\Builder->getModels(Array)
#9 C:\xampp\htdocs\mongo\vendor\laravel\framework\src\Illuminate\Database\Eloquent\Model.php(632): Illuminate\Database\Eloquent\Builder->get(Array)
#10 C:\xampp\htdocs\mongo\app\Http\Controllers\Check.php(23): Illuminate\Database\Eloquent\Model::all()
#11 [internal function]: App\Http\Controllers\Check->index(Object(Illuminate\Http\Request))
#12 C:\xampp\htdocs\mongo\vendor\laravel\framework\src\Illuminate\Routing\Controller.php(55): call_user_func_array(Array, Array)
#13 C:\xampp\htdocs\mongo\vendor\laravel\framework\src\Illuminate\Routing\ControllerDispatcher.php(44): Illuminate\Routing\Controller->callAction('index', Array)
#14 C:\xampp\htdocs\mongo\vendor\laravel\framework\src\Illuminate\Routing\Route.php(190): Illuminate\Routing\ControllerDispatcher->dispatch(Object(Illuminate\Routing\Route), Object(App\Http\Controllers\Check), 'index')
#15 C:\xampp\htdocs\mongo\vendor\laravel\framework\src\Illuminate\Routing\Route.php(144): Illuminate\Routing\Route->runController()
#16 C:\xampp\htdocs\mongo\vendor\laravel\framework\src\Illuminate\Routing\Router.php(642): Illuminate\Routing\Route->run(Object(Illuminate\Http\Request))
#17 C:\xampp\htdocs\mongo\vendor\laravel\framework\src\Illuminate\Routing\Pipeline.php(53): Illuminate\Routing\Router->Illuminate\Routing\{closure}(Object(Illuminate\Http\Request))
#18 C:\xampp\htdocs\mongo\vendor\laravel\framework\src\Illuminate\Routing\Middleware\SubstituteBindings.php(41): Illuminate\Routing\Pipeline->Illuminate\Routing\{closure}(Object(Illuminate\Http\Request))
#19 C:\xampp\htdocs\mongo\vendor\laravel\framework\src\Illuminate\Pipeline\Pipeline.php(137): Illuminate\Routing\Middleware\SubstituteBindings->handle(Object(Illuminate\Http\Request), Object(Closure))
#20 C:\xampp\htdocs\mongo\vendor\laravel\framework\src\Illuminate\Routing\Pipeline.php(33): Illuminate\Pipeline\Pipeline->Illuminate\Pipeline\{closure}(Object(Illuminate\Http\Request))
#21 C:\xampp\htdocs\mongo\vendor\laravel\framework\src\Illuminate\Foundation\Http\Middleware\VerifyCsrfToken.php(65): Illuminate\Routing\Pipeline->Illuminate\Routing\{closure}(Object(Illuminate\Http\Request))
#22 C:\xampp\htdocs\mongo\vendor\laravel\framework\src\Illuminate\Pipeline\Pipeline.php(137): Illuminate\Foundation\Http\Middleware\VerifyCsrfToken->handle(Object(Illuminate\Http\Request), Object(Closure))
#23 C:\xampp\htdocs\mongo\vendor\laravel\framework\src\Illuminate\Routing\Pipeline.php(33): Illuminate\Pipeline\Pipeline->Illuminate\Pipeline\{closure}(Object(Illuminate\Http\Request))
#24 C:\xampp\htdocs\mongo\vendor\laravel\framework\src\Illuminate\View\Middleware\ShareErrorsFromSession.php(49): Illuminate\Routing\Pipeline->Illuminate\Routing\{closure}(Object(Illuminate\Http\Request))
#25 C:\xampp\htdocs\mongo\vendor\laravel\framework\src\Illuminate\Pipeline\Pipeline.php(137): Illuminate\View\Middleware\ShareErrorsFromSession->handle(Object(Illuminate\Http\Request), Object(Closure))
#26 C:\xampp\htdocs\mongo\vendor\laravel\framework\src\Illuminate\Routing\Pipeline.php(33): Illuminate\Pipeline\Pipeline->Illuminate\Pipeline\{closure}(Object(Illuminate\Http\Request))
#27 C:\xampp\htdocs\mongo\vendor\laravel\framework\src\Illuminate\Session\Middleware\StartSession.php(64): Illuminate\Routing\Pipeline->Illuminate\Routing\{closure}(Object(Illuminate\Http\Request))
#28 C:\xampp\htdocs\mongo\vendor\laravel\framework\src\Illuminate\Pipeline\Pipeline.php(137): Illuminate\Session\Middleware\StartSession->handle(Object(Illuminate\Http\Request), Object(Closure))
#29 C:\xampp\htdocs\mongo\vendor\laravel\framework\src\Illuminate\Routing\Pipeline.php(33): Illuminate\Pipeline\Pipeline->Illuminate\Pipeline\{closure}(Object(Illuminate\Http\Request))
#30 C:\xampp\htdocs\mongo\vendor\laravel\framework\src\Illuminate\Cookie\Middleware\AddQueuedCookiesToResponse.php(37): Illuminate\Routing\Pipeline->Illuminate\Routing\{closure}(Object(Illuminate\Http\Request))
#31 C:\xampp\htdocs\mongo\vendor\laravel\framework\src\Illuminate\Pipeline\Pipeline.php(137): Illuminate\Cookie\Middleware\AddQueuedCookiesToResponse->handle(Object(Illuminate\Http\Request), Object(Closure))
#32 C:\xampp\htdocs\mongo\vendor\laravel\framework\src\Illuminate\Routing\Pipeline.php(33): Illuminate\Pipeline\Pipeline->Illuminate\Pipeline\{closure}(Object(Illuminate\Http\Request))
#33 C:\xampp\htdocs\mongo\vendor\laravel\framework\src\Illuminate\Cookie\Middleware\EncryptCookies.php(59): Illuminate\Routing\Pipeline->Illuminate\Routing\{closure}(Object(Illuminate\Http\Request))
#34 C:\xampp\htdocs\mongo\vendor\laravel\framework\src\Illuminate\Pipeline\Pipeline.php(137): Illuminate\Cookie\Middleware\EncryptCookies->handle(Object(Illuminate\Http\Request), Object(Closure))
#35 C:\xampp\htdocs\mongo\vendor\laravel\framework\src\Illuminate\Routing\Pipeline.php(33): Illuminate\Pipeline\Pipeline->Illuminate\Pipeline\{closure}(Object(Illuminate\Http\Request))
#36 C:\xampp\htdocs\mongo\vendor\laravel\framework\src\Illuminate\Pipeline\Pipeline.php(104): Illuminate\Routing\Pipeline->Illuminate\Routing\{closure}(Object(Illuminate\Http\Request))
#37 C:\xampp\htdocs\mongo\vendor\laravel\framework\src\Illuminate\Routing\Router.php(644): Illuminate\Pipeline\Pipeline->then(Object(Closure))
#38 C:\xampp\htdocs\mongo\vendor\laravel\framework\src\Illuminate\Routing\Router.php(618): Illuminate\Routing\Router->runRouteWithinStack(Object(Illuminate\Routing\Route), Object(Illuminate\Http\Request))
#39 C:\xampp\htdocs\mongo\vendor\laravel\framework\src\Illuminate\Routing\Router.php(596): Illuminate\Routing\Router->dispatchToRoute(Object(Illuminate\Http\Request))
#40 C:\xampp\htdocs\mongo\vendor\laravel\framework\src\Illuminate\Foundation\Http\Kernel.php(267): Illuminate\Routing\Router->dispatch(Object(Illuminate\Http\Request))
#41 C:\xampp\htdocs\mongo\vendor\laravel\framework\src\Illuminate\Routing\Pipeline.php(53): Illuminate\Foundation\Http\Kernel->Illuminate\Foundation\Http\{closure}(Object(Illuminate\Http\Request))
#42 C:\xampp\htdocs\mongo\vendor\laravel\framework\src\Illuminate\Foundation\Http\Middleware\CheckForMaintenanceMode.php(46): Illuminate\Routing\Pipeline->Illuminate\Routing\{closure}(Object(Illuminate\Http\Request))
#43 C:\xampp\htdocs\mongo\vendor\laravel\framework\src\Illuminate\Pipeline\Pipeline.php(137): Illuminate\Foundation\Http\Middleware\CheckForMaintenanceMode->handle(Object(Illuminate\Http\Request), Object(Closure))
#44 C:\xampp\htdocs\mongo\vendor\laravel\framework\src\Illuminate\Routing\Pipeline.php(33): Illuminate\Pipeline\Pipeline->Illuminate\Pipeline\{closure}(Object(Illuminate\Http\Request))
#45 C:\xampp\htdocs\mongo\vendor\laravel\framework\src\Illuminate\Pipeline\Pipeline.php(104): Illuminate\Routing\Pipeline->Illuminate\Routing\{closure}(Object(Illuminate\Http\Request))
#46 C:\xampp\htdocs\mongo\vendor\laravel\framework\src\Illuminate\Foundation\Http\Kernel.php(149): Illuminate\Pipeline\Pipeline->then(Object(Closure))
#47 C:\xampp\htdocs\mongo\vendor\laravel\framework\src\Illuminate\Foundation\Http\Kernel.php(116): Illuminate\Foundation\Http\Kernel->sendRequestThroughRouter(Object(Illuminate\Http\Request))
#48 C:\xampp\htdocs\mongo\public\index.php(54): Illuminate\Foundation\Http\Kernel->handle(Object(Illuminate\Http\Request))
#49 C:\xampp\htdocs\mongo\server.php(21): require_once('C:\\xampp\\htdocs...')
#50 {main}  
[2016-11-13 13:54:56] local.ERROR: exception 'ErrorException' with message 'Undefined variable: collection' in C:\xampp\htdocs\mongo\app\Http\Controllers\Check.php:17
Stack trace:
#0 C:\xampp\htdocs\mongo\app\Http\Controllers\Check.php(17): Illuminate\Foundation\Bootstrap\HandleExceptions->handleError(8, 'Undefined varia...', 'C:\\xampp\\htdocs...', 17, Array)
#1 [internal function]: App\Http\Controllers\Check->index(Object(Illuminate\Http\Request))
#2 C:\xampp\htdocs\mongo\vendor\laravel\framework\src\Illuminate\Routing\Controller.php(55): call_user_func_array(Array, Array)
#3 C:\xampp\htdocs\mongo\vendor\laravel\framework\src\Illuminate\Routing\ControllerDispatcher.php(44): Illuminate\Routing\Controller->callAction('index', Array)
#4 C:\xampp\htdocs\mongo\vendor\laravel\framework\src\Illuminate\Routing\Route.php(190): Illuminate\Routing\ControllerDispatcher->dispatch(Object(Illuminate\Routing\Route), Object(App\Http\Controllers\Check), 'index')
#5 C:\xampp\htdocs\mongo\vendor\laravel\framework\src\Illuminate\Routing\Route.php(144): Illuminate\Routing\Route->runController()
#6 C:\xampp\htdocs\mongo\vendor\laravel\framework\src\Illuminate\Routing\Router.php(642): Illuminate\Routing\Route->run(Object(Illuminate\Http\Request))
#7 C:\xampp\htdocs\mongo\vendor\laravel\framework\src\Illuminate\Routing\Pipeline.php(53): Illuminate\Routing\Router->Illuminate\Routing\{closure}(Object(Illuminate\Http\Request))
#8 C:\xampp\htdocs\mongo\vendor\laravel\framework\src\Illuminate\Routing\Middleware\SubstituteBindings.php(41): Illuminate\Routing\Pipeline->Illuminate\Routing\{closure}(Object(Illuminate\Http\Request))
#9 C:\xampp\htdocs\mongo\vendor\laravel\framework\src\Illuminate\Pipeline\Pipeline.php(137): Illuminate\Routing\Middleware\SubstituteBindings->handle(Object(Illuminate\Http\Request), Object(Closure))
#10 C:\xampp\htdocs\mongo\vendor\laravel\framework\src\Illuminate\Routing\Pipeline.php(33): Illuminate\Pipeline\Pipeline->Illuminate\Pipeline\{closure}(Object(Illuminate\Http\Request))
#11 C:\xampp\htdocs\mongo\vendor\laravel\framework\src\Illuminate\Foundation\Http\Middleware\VerifyCsrfToken.php(65): Illuminate\Routing\Pipeline->Illuminate\Routing\{closure}(Object(Illuminate\Http\Request))
#12 C:\xampp\htdocs\mongo\vendor\laravel\framework\src\Illuminate\Pipeline\Pipeline.php(137): Illuminate\Foundation\Http\Middleware\VerifyCsrfToken->handle(Object(Illuminate\Http\Request), Object(Closure))
#13 C:\xampp\htdocs\mongo\vendor\laravel\framework\src\Illuminate\Routing\Pipeline.php(33): Illuminate\Pipeline\Pipeline->Illuminate\Pipeline\{closure}(Object(Illuminate\Http\Request))
#14 C:\xampp\htdocs\mongo\vendor\laravel\framework\src\Illuminate\View\Middleware\ShareErrorsFromSession.php(49): Illuminate\Routing\Pipeline->Illuminate\Routing\{closure}(Object(Illuminate\Http\Request))
#15 C:\xampp\htdocs\mongo\vendor\laravel\framework\src\Illuminate\Pipeline\Pipeline.php(137): Illuminate\View\Middleware\ShareErrorsFromSession->handle(Object(Illuminate\Http\Request), Object(Closure))
#16 C:\xampp\htdocs\mongo\vendor\laravel\framework\src\Illuminate\Routing\Pipeline.php(33): Illuminate\Pipeline\Pipeline->Illuminate\Pipeline\{closure}(Object(Illuminate\Http\Request))
#17 C:\xampp\htdocs\mongo\vendor\laravel\framework\src\Illuminate\Session\Middleware\StartSession.php(64): Illuminate\Routing\Pipeline->Illuminate\Routing\{closure}(Object(Illuminate\Http\Request))
#18 C:\xampp\htdocs\mongo\vendor\laravel\framework\src\Illuminate\Pipeline\Pipeline.php(137): Illuminate\Session\Middleware\StartSession->handle(Object(Illuminate\Http\Request), Object(Closure))
#19 C:\xampp\htdocs\mongo\vendor\laravel\framework\src\Illuminate\Routing\Pipeline.php(33): Illuminate\Pipeline\Pipeline->Illuminate\Pipeline\{closure}(Object(Illuminate\Http\Request))
#20 C:\xampp\htdocs\mongo\vendor\laravel\framework\src\Illuminate\Cookie\Middleware\AddQueuedCookiesToResponse.php(37): Illuminate\Routing\Pipeline->Illuminate\Routing\{closure}(Object(Illuminate\Http\Request))
#21 C:\xampp\htdocs\mongo\vendor\laravel\framework\src\Illuminate\Pipeline\Pipeline.php(137): Illuminate\Cookie\Middleware\AddQueuedCookiesToResponse->handle(Object(Illuminate\Http\Request), Object(Closure))
#22 C:\xampp\htdocs\mongo\vendor\laravel\framework\src\Illuminate\Routing\Pipeline.php(33): Illuminate\Pipeline\Pipeline->Illuminate\Pipeline\{closure}(Object(Illuminate\Http\Request))
#23 C:\xampp\htdocs\mongo\vendor\laravel\framework\src\Illuminate\Cookie\Middleware\EncryptCookies.php(59): Illuminate\Routing\Pipeline->Illuminate\Routing\{closure}(Object(Illuminate\Http\Request))
#24 C:\xampp\htdocs\mongo\vendor\laravel\framework\src\Illuminate\Pipeline\Pipeline.php(137): Illuminate\Cookie\Middleware\EncryptCookies->handle(Object(Illuminate\Http\Request), Object(Closure))
#25 C:\xampp\htdocs\mongo\vendor\laravel\framework\src\Illuminate\Routing\Pipeline.php(33): Illuminate\Pipeline\Pipeline->Illuminate\Pipeline\{closure}(Object(Illuminate\Http\Request))
#26 C:\xampp\htdocs\mongo\vendor\laravel\framework\src\Illuminate\Pipeline\Pipeline.php(104): Illuminate\Routing\Pipeline->Illuminate\Routing\{closure}(Object(Illuminate\Http\Request))
#27 C:\xampp\htdocs\mongo\vendor\laravel\framework\src\Illuminate\Routing\Router.php(644): Illuminate\Pipeline\Pipeline->then(Object(Closure))
#28 C:\xampp\htdocs\mongo\vendor\laravel\framework\src\Illuminate\Routing\Router.php(618): Illuminate\Routing\Router->runRouteWithinStack(Object(Illuminate\Routing\Route), Object(Illuminate\Http\Request))
#29 C:\xampp\htdocs\mongo\vendor\laravel\framework\src\Illuminate\Routing\Router.php(596): Illuminate\Routing\Router->dispatchToRoute(Object(Illuminate\Http\Request))
#30 C:\xampp\htdocs\mongo\vendor\laravel\framework\src\Illuminate\Foundation\Http\Kernel.php(267): Illuminate\Routing\Router->dispatch(Object(Illuminate\Http\Request))
#31 C:\xampp\htdocs\mongo\vendor\laravel\framework\src\Illuminate\Routing\Pipeline.php(53): Illuminate\Foundation\Http\Kernel->Illuminate\Foundation\Http\{closure}(Object(Illuminate\Http\Request))
#32 C:\xampp\htdocs\mongo\vendor\laravel\framework\src\Illuminate\Foundation\Http\Middleware\CheckForMaintenanceMode.php(46): Illuminate\Routing\Pipeline->Illuminate\Routing\{closure}(Object(Illuminate\Http\Request))
#33 C:\xampp\htdocs\mongo\vendor\laravel\framework\src\Illuminate\Pipeline\Pipeline.php(137): Illuminate\Foundation\Http\Middleware\CheckForMaintenanceMode->handle(Object(Illuminate\Http\Request), Object(Closure))
#34 C:\xampp\htdocs\mongo\vendor\laravel\framework\src\Illuminate\Routing\Pipeline.php(33): Illuminate\Pipeline\Pipeline->Illuminate\Pipeline\{closure}(Object(Illuminate\Http\Request))
#35 C:\xampp\htdocs\mongo\vendor\laravel\framework\src\Illuminate\Pipeline\Pipeline.php(104): Illuminate\Routing\Pipeline->Illuminate\Routing\{closure}(Object(Illuminate\Http\Request))
#36 C:\xampp\htdocs\mongo\vendor\laravel\framework\src\Illuminate\Foundation\Http\Kernel.php(149): Illuminate\Pipeline\Pipeline->then(Object(Closure))
#37 C:\xampp\htdocs\mongo\vendor\laravel\framework\src\Illuminate\Foundation\Http\Kernel.php(116): Illuminate\Foundation\Http\Kernel->sendRequestThroughRouter(Object(Illuminate\Http\Request))
#38 C:\xampp\htdocs\mongo\public\index.php(54): Illuminate\Foundation\Http\Kernel->handle(Object(Illuminate\Http\Request))
#39 C:\xampp\htdocs\mongo\server.php(21): require_once('C:\\xampp\\htdocs...')
#40 {main}  
[2016-11-13 13:55:09] local.ERROR: exception 'ErrorException' with message 'Undefined variable: collection' in C:\xampp\htdocs\mongo\app\Http\Controllers\Check.php:17
Stack trace:
#0 C:\xampp\htdocs\mongo\app\Http\Controllers\Check.php(17): Illuminate\Foundation\Bootstrap\HandleExceptions->handleError(8, 'Undefined varia...', 'C:\\xampp\\htdocs...', 17, Array)
#1 [internal function]: App\Http\Controllers\Check->index(Object(Illuminate\Http\Request))
#2 C:\xampp\htdocs\mongo\vendor\laravel\framework\src\Illuminate\Routing\Controller.php(55): call_user_func_array(Array, Array)
#3 C:\xampp\htdocs\mongo\vendor\laravel\framework\src\Illuminate\Routing\ControllerDispatcher.php(44): Illuminate\Routing\Controller->callAction('index', Array)
#4 C:\xampp\htdocs\mongo\vendor\laravel\framework\src\Illuminate\Routing\Route.php(190): Illuminate\Routing\ControllerDispatcher->dispatch(Object(Illuminate\Routing\Route), Object(App\Http\Controllers\Check), 'index')
#5 C:\xampp\htdocs\mongo\vendor\laravel\framework\src\Illuminate\Routing\Route.php(144): Illuminate\Routing\Route->runController()
#6 C:\xampp\htdocs\mongo\vendor\laravel\framework\src\Illuminate\Routing\Router.php(642): Illuminate\Routing\Route->run(Object(Illuminate\Http\Request))
#7 C:\xampp\htdocs\mongo\vendor\laravel\framework\src\Illuminate\Routing\Pipeline.php(53): Illuminate\Routing\Router->Illuminate\Routing\{closure}(Object(Illuminate\Http\Request))
#8 C:\xampp\htdocs\mongo\vendor\laravel\framework\src\Illuminate\Routing\Middleware\SubstituteBindings.php(41): Illuminate\Routing\Pipeline->Illuminate\Routing\{closure}(Object(Illuminate\Http\Request))
#9 C:\xampp\htdocs\mongo\vendor\laravel\framework\src\Illuminate\Pipeline\Pipeline.php(137): Illuminate\Routing\Middleware\SubstituteBindings->handle(Object(Illuminate\Http\Request), Object(Closure))
#10 C:\xampp\htdocs\mongo\vendor\laravel\framework\src\Illuminate\Routing\Pipeline.php(33): Illuminate\Pipeline\Pipeline->Illuminate\Pipeline\{closure}(Object(Illuminate\Http\Request))
#11 C:\xampp\htdocs\mongo\vendor\laravel\framework\src\Illuminate\Foundation\Http\Middleware\VerifyCsrfToken.php(65): Illuminate\Routing\Pipeline->Illuminate\Routing\{closure}(Object(Illuminate\Http\Request))
#12 C:\xampp\htdocs\mongo\vendor\laravel\framework\src\Illuminate\Pipeline\Pipeline.php(137): Illuminate\Foundation\Http\Middleware\VerifyCsrfToken->handle(Object(Illuminate\Http\Request), Object(Closure))
#13 C:\xampp\htdocs\mongo\vendor\laravel\framework\src\Illuminate\Routing\Pipeline.php(33): Illuminate\Pipeline\Pipeline->Illuminate\Pipeline\{closure}(Object(Illuminate\Http\Request))
#14 C:\xampp\htdocs\mongo\vendor\laravel\framework\src\Illuminate\View\Middleware\ShareErrorsFromSession.php(49): Illuminate\Routing\Pipeline->Illuminate\Routing\{closure}(Object(Illuminate\Http\Request))
#15 C:\xampp\htdocs\mongo\vendor\laravel\framework\src\Illuminate\Pipeline\Pipeline.php(137): Illuminate\View\Middleware\ShareErrorsFromSession->handle(Object(Illuminate\Http\Request), Object(Closure))
#16 C:\xampp\htdocs\mongo\vendor\laravel\framework\src\Illuminate\Routing\Pipeline.php(33): Illuminate\Pipeline\Pipeline->Illuminate\Pipeline\{closure}(Object(Illuminate\Http\Request))
#17 C:\xampp\htdocs\mongo\vendor\laravel\framework\src\Illuminate\Session\Middleware\StartSession.php(64): Illuminate\Routing\Pipeline->Illuminate\Routing\{closure}(Object(Illuminate\Http\Request))
#18 C:\xampp\htdocs\mongo\vendor\laravel\framework\src\Illuminate\Pipeline\Pipeline.php(137): Illuminate\Session\Middleware\StartSession->handle(Object(Illuminate\Http\Request), Object(Closure))
#19 C:\xampp\htdocs\mongo\vendor\laravel\framework\src\Illuminate\Routing\Pipeline.php(33): Illuminate\Pipeline\Pipeline->Illuminate\Pipeline\{closure}(Object(Illuminate\Http\Request))
#20 C:\xampp\htdocs\mongo\vendor\laravel\framework\src\Illuminate\Cookie\Middleware\AddQueuedCookiesToResponse.php(37): Illuminate\Routing\Pipeline->Illuminate\Routing\{closure}(Object(Illuminate\Http\Request))
#21 C:\xampp\htdocs\mongo\vendor\laravel\framework\src\Illuminate\Pipeline\Pipeline.php(137): Illuminate\Cookie\Middleware\AddQueuedCookiesToResponse->handle(Object(Illuminate\Http\Request), Object(Closure))
#22 C:\xampp\htdocs\mongo\vendor\laravel\framework\src\Illuminate\Routing\Pipeline.php(33): Illuminate\Pipeline\Pipeline->Illuminate\Pipeline\{closure}(Object(Illuminate\Http\Request))
#23 C:\xampp\htdocs\mongo\vendor\laravel\framework\src\Illuminate\Cookie\Middleware\EncryptCookies.php(59): Illuminate\Routing\Pipeline->Illuminate\Routing\{closure}(Object(Illuminate\Http\Request))
#24 C:\xampp\htdocs\mongo\vendor\laravel\framework\src\Illuminate\Pipeline\Pipeline.php(137): Illuminate\Cookie\Middleware\EncryptCookies->handle(Object(Illuminate\Http\Request), Object(Closure))
#25 C:\xampp\htdocs\mongo\vendor\laravel\framework\src\Illuminate\Routing\Pipeline.php(33): Illuminate\Pipeline\Pipeline->Illuminate\Pipeline\{closure}(Object(Illuminate\Http\Request))
#26 C:\xampp\htdocs\mongo\vendor\laravel\framework\src\Illuminate\Pipeline\Pipeline.php(104): Illuminate\Routing\Pipeline->Illuminate\Routing\{closure}(Object(Illuminate\Http\Request))
#27 C:\xampp\htdocs\mongo\vendor\laravel\framework\src\Illuminate\Routing\Router.php(644): Illuminate\Pipeline\Pipeline->then(Object(Closure))
#28 C:\xampp\htdocs\mongo\vendor\laravel\framework\src\Illuminate\Routing\Router.php(618): Illuminate\Routing\Router->runRouteWithinStack(Object(Illuminate\Routing\Route), Object(Illuminate\Http\Request))
#29 C:\xampp\htdocs\mongo\vendor\laravel\framework\src\Illuminate\Routing\Router.php(596): Illuminate\Routing\Router->dispatchToRoute(Object(Illuminate\Http\Request))
#30 C:\xampp\htdocs\mongo\vendor\laravel\framework\src\Illuminate\Foundation\Http\Kernel.php(267): Illuminate\Routing\Router->dispatch(Object(Illuminate\Http\Request))
#31 C:\xampp\htdocs\mongo\vendor\laravel\framework\src\Illuminate\Routing\Pipeline.php(53): Illuminate\Foundation\Http\Kernel->Illuminate\Foundation\Http\{closure}(Object(Illuminate\Http\Request))
#32 C:\xampp\htdocs\mongo\vendor\laravel\framework\src\Illuminate\Foundation\Http\Middleware\CheckForMaintenanceMode.php(46): Illuminate\Routing\Pipeline->Illuminate\Routing\{closure}(Object(Illuminate\Http\Request))
#33 C:\xampp\htdocs\mongo\vendor\laravel\framework\src\Illuminate\Pipeline\Pipeline.php(137): Illuminate\Foundation\Http\Middleware\CheckForMaintenanceMode->handle(Object(Illuminate\Http\Request), Object(Closure))
#34 C:\xampp\htdocs\mongo\vendor\laravel\framework\src\Illuminate\Routing\Pipeline.php(33): Illuminate\Pipeline\Pipeline->Illuminate\Pipeline\{closure}(Object(Illuminate\Http\Request))
#35 C:\xampp\htdocs\mongo\vendor\laravel\framework\src\Illuminate\Pipeline\Pipeline.php(104): Illuminate\Routing\Pipeline->Illuminate\Routing\{closure}(Object(Illuminate\Http\Request))
#36 C:\xampp\htdocs\mongo\vendor\laravel\framework\src\Illuminate\Foundation\Http\Kernel.php(149): Illuminate\Pipeline\Pipeline->then(Object(Closure))
#37 C:\xampp\htdocs\mongo\vendor\laravel\framework\src\Illuminate\Foundation\Http\Kernel.php(116): Illuminate\Foundation\Http\Kernel->sendRequestThroughRouter(Object(Illuminate\Http\Request))
#38 C:\xampp\htdocs\mongo\public\index.php(54): Illuminate\Foundation\Http\Kernel->handle(Object(Illuminate\Http\Request))
#39 C:\xampp\htdocs\mongo\server.php(21): require_once('C:\\xampp\\htdocs...')
#40 {main}  
[2016-11-13 13:55:14] local.ERROR: exception 'Symfony\Component\Debug\Exception\FatalErrorException' with message 'Call to undefined function App\Http\Controllers\collection()' in C:\xampp\htdocs\mongo\app\Http\Controllers\Check.php:17
Stack trace:
#0 {main}  
[2016-11-13 13:55:24] local.ERROR: exception 'MongoDB\Driver\Exception\RuntimeException' with message 'not authorized on nodeKnock to execute command { find: "users", filter: {} }' in C:\xampp\htdocs\mongo\vendor\mongodb\mongodb\src\Operation\Find.php:180
Stack trace:
#0 C:\xampp\htdocs\mongo\vendor\mongodb\mongodb\src\Operation\Find.php(180): MongoDB\Driver\Server->executeQuery('nodeKnock.users', Object(MongoDB\Driver\Query), Object(MongoDB\Driver\ReadPreference))
#1 C:\xampp\htdocs\mongo\vendor\mongodb\mongodb\src\Collection.php(437): MongoDB\Operation\Find->execute(Object(MongoDB\Driver\Server))
#2 [internal function]: MongoDB\Collection->find(Array, Array)
#3 C:\xampp\htdocs\mongo\vendor\jenssegers\mongodb\src\Jenssegers\Mongodb\Collection.php(42): call_user_func_array(Array, Array)
#4 C:\xampp\htdocs\mongo\vendor\jenssegers\mongodb\src\Jenssegers\Mongodb\Query\Builder.php(370): Jenssegers\Mongodb\Collection->__call('find', Array)
#5 C:\xampp\htdocs\mongo\vendor\jenssegers\mongodb\src\Jenssegers\Mongodb\Query\Builder.php(370): Jenssegers\Mongodb\Collection->find(Array, Array)
#6 C:\xampp\htdocs\mongo\vendor\jenssegers\mongodb\src\Jenssegers\Mongodb\Query\Builder.php(182): Jenssegers\Mongodb\Query\Builder->getFresh(Array)
#7 C:\xampp\htdocs\mongo\vendor\laravel\framework\src\Illuminate\Database\Eloquent\Builder.php(629): Jenssegers\Mongodb\Query\Builder->get(Array)
#8 C:\xampp\htdocs\mongo\vendor\laravel\framework\src\Illuminate\Database\Eloquent\Builder.php(324): Illuminate\Database\Eloquent\Builder->getModels(Array)
#9 C:\xampp\htdocs\mongo\vendor\laravel\framework\src\Illuminate\Database\Eloquent\Model.php(632): Illuminate\Database\Eloquent\Builder->get(Array)
#10 C:\xampp\htdocs\mongo\app\Http\Controllers\Check.php(23): Illuminate\Database\Eloquent\Model::all()
#11 [internal function]: App\Http\Controllers\Check->index(Object(Illuminate\Http\Request))
#12 C:\xampp\htdocs\mongo\vendor\laravel\framework\src\Illuminate\Routing\Controller.php(55): call_user_func_array(Array, Array)
#13 C:\xampp\htdocs\mongo\vendor\laravel\framework\src\Illuminate\Routing\ControllerDispatcher.php(44): Illuminate\Routing\Controller->callAction('index', Array)
#14 C:\xampp\htdocs\mongo\vendor\laravel\framework\src\Illuminate\Routing\Route.php(190): Illuminate\Routing\ControllerDispatcher->dispatch(Object(Illuminate\Routing\Route), Object(App\Http\Controllers\Check), 'index')
#15 C:\xampp\htdocs\mongo\vendor\laravel\framework\src\Illuminate\Routing\Route.php(144): Illuminate\Routing\Route->runController()
#16 C:\xampp\htdocs\mongo\vendor\laravel\framework\src\Illuminate\Routing\Router.php(642): Illuminate\Routing\Route->run(Object(Illuminate\Http\Request))
#17 C:\xampp\htdocs\mongo\vendor\laravel\framework\src\Illuminate\Routing\Pipeline.php(53): Illuminate\Routing\Router->Illuminate\Routing\{closure}(Object(Illuminate\Http\Request))
#18 C:\xampp\htdocs\mongo\vendor\laravel\framework\src\Illuminate\Routing\Middleware\SubstituteBindings.php(41): Illuminate\Routing\Pipeline->Illuminate\Routing\{closure}(Object(Illuminate\Http\Request))
#19 C:\xampp\htdocs\mongo\vendor\laravel\framework\src\Illuminate\Pipeline\Pipeline.php(137): Illuminate\Routing\Middleware\SubstituteBindings->handle(Object(Illuminate\Http\Request), Object(Closure))
#20 C:\xampp\htdocs\mongo\vendor\laravel\framework\src\Illuminate\Routing\Pipeline.php(33): Illuminate\Pipeline\Pipeline->Illuminate\Pipeline\{closure}(Object(Illuminate\Http\Request))
#21 C:\xampp\htdocs\mongo\vendor\laravel\framework\src\Illuminate\Foundation\Http\Middleware\VerifyCsrfToken.php(65): Illuminate\Routing\Pipeline->Illuminate\Routing\{closure}(Object(Illuminate\Http\Request))
#22 C:\xampp\htdocs\mongo\vendor\laravel\framework\src\Illuminate\Pipeline\Pipeline.php(137): Illuminate\Foundation\Http\Middleware\VerifyCsrfToken->handle(Object(Illuminate\Http\Request), Object(Closure))
#23 C:\xampp\htdocs\mongo\vendor\laravel\framework\src\Illuminate\Routing\Pipeline.php(33): Illuminate\Pipeline\Pipeline->Illuminate\Pipeline\{closure}(Object(Illuminate\Http\Request))
#24 C:\xampp\htdocs\mongo\vendor\laravel\framework\src\Illuminate\View\Middleware\ShareErrorsFromSession.php(49): Illuminate\Routing\Pipeline->Illuminate\Routing\{closure}(Object(Illuminate\Http\Request))
#25 C:\xampp\htdocs\mongo\vendor\laravel\framework\src\Illuminate\Pipeline\Pipeline.php(137): Illuminate\View\Middleware\ShareErrorsFromSession->handle(Object(Illuminate\Http\Request), Object(Closure))
#26 C:\xampp\htdocs\mongo\vendor\laravel\framework\src\Illuminate\Routing\Pipeline.php(33): Illuminate\Pipeline\Pipeline->Illuminate\Pipeline\{closure}(Object(Illuminate\Http\Request))
#27 C:\xampp\htdocs\mongo\vendor\laravel\framework\src\Illuminate\Session\Middleware\StartSession.php(64): Illuminate\Routing\Pipeline->Illuminate\Routing\{closure}(Object(Illuminate\Http\Request))
#28 C:\xampp\htdocs\mongo\vendor\laravel\framework\src\Illuminate\Pipeline\Pipeline.php(137): Illuminate\Session\Middleware\StartSession->handle(Object(Illuminate\Http\Request), Object(Closure))
#29 C:\xampp\htdocs\mongo\vendor\laravel\framework\src\Illuminate\Routing\Pipeline.php(33): Illuminate\Pipeline\Pipeline->Illuminate\Pipeline\{closure}(Object(Illuminate\Http\Request))
#30 C:\xampp\htdocs\mongo\vendor\laravel\framework\src\Illuminate\Cookie\Middleware\AddQueuedCookiesToResponse.php(37): Illuminate\Routing\Pipeline->Illuminate\Routing\{closure}(Object(Illuminate\Http\Request))
#31 C:\xampp\htdocs\mongo\vendor\laravel\framework\src\Illuminate\Pipeline\Pipeline.php(137): Illuminate\Cookie\Middleware\AddQueuedCookiesToResponse->handle(Object(Illuminate\Http\Request), Object(Closure))
#32 C:\xampp\htdocs\mongo\vendor\laravel\framework\src\Illuminate\Routing\Pipeline.php(33): Illuminate\Pipeline\Pipeline->Illuminate\Pipeline\{closure}(Object(Illuminate\Http\Request))
#33 C:\xampp\htdocs\mongo\vendor\laravel\framework\src\Illuminate\Cookie\Middleware\EncryptCookies.php(59): Illuminate\Routing\Pipeline->Illuminate\Routing\{closure}(Object(Illuminate\Http\Request))
#34 C:\xampp\htdocs\mongo\vendor\laravel\framework\src\Illuminate\Pipeline\Pipeline.php(137): Illuminate\Cookie\Middleware\EncryptCookies->handle(Object(Illuminate\Http\Request), Object(Closure))
#35 C:\xampp\htdocs\mongo\vendor\laravel\framework\src\Illuminate\Routing\Pipeline.php(33): Illuminate\Pipeline\Pipeline->Illuminate\Pipeline\{closure}(Object(Illuminate\Http\Request))
#36 C:\xampp\htdocs\mongo\vendor\laravel\framework\src\Illuminate\Pipeline\Pipeline.php(104): Illuminate\Routing\Pipeline->Illuminate\Routing\{closure}(Object(Illuminate\Http\Request))
#37 C:\xampp\htdocs\mongo\vendor\laravel\framework\src\Illuminate\Routing\Router.php(644): Illuminate\Pipeline\Pipeline->then(Object(Closure))
#38 C:\xampp\htdocs\mongo\vendor\laravel\framework\src\Illuminate\Routing\Router.php(618): Illuminate\Routing\Router->runRouteWithinStack(Object(Illuminate\Routing\Route), Object(Illuminate\Http\Request))
#39 C:\xampp\htdocs\mongo\vendor\laravel\framework\src\Illuminate\Routing\Router.php(596): Illuminate\Routing\Router->dispatchToRoute(Object(Illuminate\Http\Request))
#40 C:\xampp\htdocs\mongo\vendor\laravel\framework\src\Illuminate\Foundation\Http\Kernel.php(267): Illuminate\Routing\Router->dispatch(Object(Illuminate\Http\Request))
#41 C:\xampp\htdocs\mongo\vendor\laravel\framework\src\Illuminate\Routing\Pipeline.php(53): Illuminate\Foundation\Http\Kernel->Illuminate\Foundation\Http\{closure}(Object(Illuminate\Http\Request))
#42 C:\xampp\htdocs\mongo\vendor\laravel\framework\src\Illuminate\Foundation\Http\Middleware\CheckForMaintenanceMode.php(46): Illuminate\Routing\Pipeline->Illuminate\Routing\{closure}(Object(Illuminate\Http\Request))
#43 C:\xampp\htdocs\mongo\vendor\laravel\framework\src\Illuminate\Pipeline\Pipeline.php(137): Illuminate\Foundation\Http\Middleware\CheckForMaintenanceMode->handle(Object(Illuminate\Http\Request), Object(Closure))
#44 C:\xampp\htdocs\mongo\vendor\laravel\framework\src\Illuminate\Routing\Pipeline.php(33): Illuminate\Pipeline\Pipeline->Illuminate\Pipeline\{closure}(Object(Illuminate\Http\Request))
#45 C:\xampp\htdocs\mongo\vendor\laravel\framework\src\Illuminate\Pipeline\Pipeline.php(104): Illuminate\Routing\Pipeline->Illuminate\Routing\{closure}(Object(Illuminate\Http\Request))
#46 C:\xampp\htdocs\mongo\vendor\laravel\framework\src\Illuminate\Foundation\Http\Kernel.php(149): Illuminate\Pipeline\Pipeline->then(Object(Closure))
#47 C:\xampp\htdocs\mongo\vendor\laravel\framework\src\Illuminate\Foundation\Http\Kernel.php(116): Illuminate\Foundation\Http\Kernel->sendRequestThroughRouter(Object(Illuminate\Http\Request))
#48 C:\xampp\htdocs\mongo\public\index.php(54): Illuminate\Foundation\Http\Kernel->handle(Object(Illuminate\Http\Request))
#49 C:\xampp\htdocs\mongo\server.php(21): require_once('C:\\xampp\\htdocs...')
#50 {main}  
[2016-11-13 13:56:03] local.ERROR: exception 'MongoDB\Driver\Exception\RuntimeException' with message 'not authorized on nodeKnock to execute command { find: "users", filter: {} }' in C:\xampp\htdocs\mongo\vendor\mongodb\mongodb\src\Operation\Find.php:180
Stack trace:
#0 C:\xampp\htdocs\mongo\vendor\mongodb\mongodb\src\Operation\Find.php(180): MongoDB\Driver\Server->executeQuery('nodeKnock.users', Object(MongoDB\Driver\Query), Object(MongoDB\Driver\ReadPreference))
#1 C:\xampp\htdocs\mongo\vendor\mongodb\mongodb\src\Collection.php(437): MongoDB\Operation\Find->execute(Object(MongoDB\Driver\Server))
#2 [internal function]: MongoDB\Collection->find(Array, Array)
#3 C:\xampp\htdocs\mongo\vendor\jenssegers\mongodb\src\Jenssegers\Mongodb\Collection.php(42): call_user_func_array(Array, Array)
#4 C:\xampp\htdocs\mongo\vendor\jenssegers\mongodb\src\Jenssegers\Mongodb\Query\Builder.php(370): Jenssegers\Mongodb\Collection->__call('find', Array)
#5 C:\xampp\htdocs\mongo\vendor\jenssegers\mongodb\src\Jenssegers\Mongodb\Query\Builder.php(370): Jenssegers\Mongodb\Collection->find(Array, Array)
#6 C:\xampp\htdocs\mongo\vendor\jenssegers\mongodb\src\Jenssegers\Mongodb\Query\Builder.php(182): Jenssegers\Mongodb\Query\Builder->getFresh(Array)
#7 C:\xampp\htdocs\mongo\vendor\laravel\framework\src\Illuminate\Database\Eloquent\Builder.php(629): Jenssegers\Mongodb\Query\Builder->get(Array)
#8 C:\xampp\htdocs\mongo\vendor\laravel\framework\src\Illuminate\Database\Eloquent\Builder.php(324): Illuminate\Database\Eloquent\Builder->getModels(Array)
#9 C:\xampp\htdocs\mongo\vendor\laravel\framework\src\Illuminate\Database\Eloquent\Model.php(632): Illuminate\Database\Eloquent\Builder->get(Array)
#10 C:\xampp\htdocs\mongo\app\Http\Controllers\Check.php(23): Illuminate\Database\Eloquent\Model::all()
#11 [internal function]: App\Http\Controllers\Check->index(Object(Illuminate\Http\Request))
#12 C:\xampp\htdocs\mongo\vendor\laravel\framework\src\Illuminate\Routing\Controller.php(55): call_user_func_array(Array, Array)
#13 C:\xampp\htdocs\mongo\vendor\laravel\framework\src\Illuminate\Routing\ControllerDispatcher.php(44): Illuminate\Routing\Controller->callAction('index', Array)
#14 C:\xampp\htdocs\mongo\vendor\laravel\framework\src\Illuminate\Routing\Route.php(190): Illuminate\Routing\ControllerDispatcher->dispatch(Object(Illuminate\Routing\Route), Object(App\Http\Controllers\Check), 'index')
#15 C:\xampp\htdocs\mongo\vendor\laravel\framework\src\Illuminate\Routing\Route.php(144): Illuminate\Routing\Route->runController()
#16 C:\xampp\htdocs\mongo\vendor\laravel\framework\src\Illuminate\Routing\Router.php(642): Illuminate\Routing\Route->run(Object(Illuminate\Http\Request))
#17 C:\xampp\htdocs\mongo\vendor\laravel\framework\src\Illuminate\Routing\Pipeline.php(53): Illuminate\Routing\Router->Illuminate\Routing\{closure}(Object(Illuminate\Http\Request))
#18 C:\xampp\htdocs\mongo\vendor\laravel\framework\src\Illuminate\Routing\Middleware\SubstituteBindings.php(41): Illuminate\Routing\Pipeline->Illuminate\Routing\{closure}(Object(Illuminate\Http\Request))
#19 C:\xampp\htdocs\mongo\vendor\laravel\framework\src\Illuminate\Pipeline\Pipeline.php(137): Illuminate\Routing\Middleware\SubstituteBindings->handle(Object(Illuminate\Http\Request), Object(Closure))
#20 C:\xampp\htdocs\mongo\vendor\laravel\framework\src\Illuminate\Routing\Pipeline.php(33): Illuminate\Pipeline\Pipeline->Illuminate\Pipeline\{closure}(Object(Illuminate\Http\Request))
#21 C:\xampp\htdocs\mongo\vendor\laravel\framework\src\Illuminate\Foundation\Http\Middleware\VerifyCsrfToken.php(65): Illuminate\Routing\Pipeline->Illuminate\Routing\{closure}(Object(Illuminate\Http\Request))
#22 C:\xampp\htdocs\mongo\vendor\laravel\framework\src\Illuminate\Pipeline\Pipeline.php(137): Illuminate\Foundation\Http\Middleware\VerifyCsrfToken->handle(Object(Illuminate\Http\Request), Object(Closure))
#23 C:\xampp\htdocs\mongo\vendor\laravel\framework\src\Illuminate\Routing\Pipeline.php(33): Illuminate\Pipeline\Pipeline->Illuminate\Pipeline\{closure}(Object(Illuminate\Http\Request))
#24 C:\xampp\htdocs\mongo\vendor\laravel\framework\src\Illuminate\View\Middleware\ShareErrorsFromSession.php(49): Illuminate\Routing\Pipeline->Illuminate\Routing\{closure}(Object(Illuminate\Http\Request))
#25 C:\xampp\htdocs\mongo\vendor\laravel\framework\src\Illuminate\Pipeline\Pipeline.php(137): Illuminate\View\Middleware\ShareErrorsFromSession->handle(Object(Illuminate\Http\Request), Object(Closure))
#26 C:\xampp\htdocs\mongo\vendor\laravel\framework\src\Illuminate\Routing\Pipeline.php(33): Illuminate\Pipeline\Pipeline->Illuminate\Pipeline\{closure}(Object(Illuminate\Http\Request))
#27 C:\xampp\htdocs\mongo\vendor\laravel\framework\src\Illuminate\Session\Middleware\StartSession.php(64): Illuminate\Routing\Pipeline->Illuminate\Routing\{closure}(Object(Illuminate\Http\Request))
#28 C:\xampp\htdocs\mongo\vendor\laravel\framework\src\Illuminate\Pipeline\Pipeline.php(137): Illuminate\Session\Middleware\StartSession->handle(Object(Illuminate\Http\Request), Object(Closure))
#29 C:\xampp\htdocs\mongo\vendor\laravel\framework\src\Illuminate\Routing\Pipeline.php(33): Illuminate\Pipeline\Pipeline->Illuminate\Pipeline\{closure}(Object(Illuminate\Http\Request))
#30 C:\xampp\htdocs\mongo\vendor\laravel\framework\src\Illuminate\Cookie\Middleware\AddQueuedCookiesToResponse.php(37): Illuminate\Routing\Pipeline->Illuminate\Routing\{closure}(Object(Illuminate\Http\Request))
#31 C:\xampp\htdocs\mongo\vendor\laravel\framework\src\Illuminate\Pipeline\Pipeline.php(137): Illuminate\Cookie\Middleware\AddQueuedCookiesToResponse->handle(Object(Illuminate\Http\Request), Object(Closure))
#32 C:\xampp\htdocs\mongo\vendor\laravel\framework\src\Illuminate\Routing\Pipeline.php(33): Illuminate\Pipeline\Pipeline->Illuminate\Pipeline\{closure}(Object(Illuminate\Http\Request))
#33 C:\xampp\htdocs\mongo\vendor\laravel\framework\src\Illuminate\Cookie\Middleware\EncryptCookies.php(59): Illuminate\Routing\Pipeline->Illuminate\Routing\{closure}(Object(Illuminate\Http\Request))
#34 C:\xampp\htdocs\mongo\vendor\laravel\framework\src\Illuminate\Pipeline\Pipeline.php(137): Illuminate\Cookie\Middleware\EncryptCookies->handle(Object(Illuminate\Http\Request), Object(Closure))
#35 C:\xampp\htdocs\mongo\vendor\laravel\framework\src\Illuminate\Routing\Pipeline.php(33): Illuminate\Pipeline\Pipeline->Illuminate\Pipeline\{closure}(Object(Illuminate\Http\Request))
#36 C:\xampp\htdocs\mongo\vendor\laravel\framework\src\Illuminate\Pipeline\Pipeline.php(104): Illuminate\Routing\Pipeline->Illuminate\Routing\{closure}(Object(Illuminate\Http\Request))
#37 C:\xampp\htdocs\mongo\vendor\laravel\framework\src\Illuminate\Routing\Router.php(644): Illuminate\Pipeline\Pipeline->then(Object(Closure))
#38 C:\xampp\htdocs\mongo\vendor\laravel\framework\src\Illuminate\Routing\Router.php(618): Illuminate\Routing\Router->runRouteWithinStack(Object(Illuminate\Routing\Route), Object(Illuminate\Http\Request))
#39 C:\xampp\htdocs\mongo\vendor\laravel\framework\src\Illuminate\Routing\Router.php(596): Illuminate\Routing\Router->dispatchToRoute(Object(Illuminate\Http\Request))
#40 C:\xampp\htdocs\mongo\vendor\laravel\framework\src\Illuminate\Foundation\Http\Kernel.php(267): Illuminate\Routing\Router->dispatch(Object(Illuminate\Http\Request))
#41 C:\xampp\htdocs\mongo\vendor\laravel\framework\src\Illuminate\Routing\Pipeline.php(53): Illuminate\Foundation\Http\Kernel->Illuminate\Foundation\Http\{closure}(Object(Illuminate\Http\Request))
#42 C:\xampp\htdocs\mongo\vendor\laravel\framework\src\Illuminate\Foundation\Http\Middleware\CheckForMaintenanceMode.php(46): Illuminate\Routing\Pipeline->Illuminate\Routing\{closure}(Object(Illuminate\Http\Request))
#43 C:\xampp\htdocs\mongo\vendor\laravel\framework\src\Illuminate\Pipeline\Pipeline.php(137): Illuminate\Foundation\Http\Middleware\CheckForMaintenanceMode->handle(Object(Illuminate\Http\Request), Object(Closure))
#44 C:\xampp\htdocs\mongo\vendor\laravel\framework\src\Illuminate\Routing\Pipeline.php(33): Illuminate\Pipeline\Pipeline->Illuminate\Pipeline\{closure}(Object(Illuminate\Http\Request))
#45 C:\xampp\htdocs\mongo\vendor\laravel\framework\src\Illuminate\Pipeline\Pipeline.php(104): Illuminate\Routing\Pipeline->Illuminate\Routing\{closure}(Object(Illuminate\Http\Request))
#46 C:\xampp\htdocs\mongo\vendor\laravel\framework\src\Illuminate\Foundation\Http\Kernel.php(149): Illuminate\Pipeline\Pipeline->then(Object(Closure))
#47 C:\xampp\htdocs\mongo\vendor\laravel\framework\src\Illuminate\Foundation\Http\Kernel.php(116): Illuminate\Foundation\Http\Kernel->sendRequestThroughRouter(Object(Illuminate\Http\Request))
#48 C:\xampp\htdocs\mongo\public\index.php(54): Illuminate\Foundation\Http\Kernel->handle(Object(Illuminate\Http\Request))
#49 C:\xampp\htdocs\mongo\server.php(21): require_once('C:\\xampp\\htdocs...')
#50 {main}  
[2016-11-13 14:24:12] local.ERROR: exception 'BadMethodCallException' with message 'Call to undefined method Jenssegers\Mongodb\Query\Builder::all()' in C:\xampp\htdocs\mongo\vendor\laravel\framework\src\Illuminate\Database\Query\Builder.php:2450
Stack trace:
#0 C:\xampp\htdocs\mongo\vendor\jenssegers\mongodb\src\Jenssegers\Mongodb\Query\Builder.php(1103): Illuminate\Database\Query\Builder->__call('all', Array)
#1 [internal function]: Jenssegers\Mongodb\Query\Builder->__call('all', Array)
#2 [internal function]: Jenssegers\Mongodb\Query\Builder->all()
#3 C:\xampp\htdocs\mongo\vendor\laravel\framework\src\Illuminate\Database\Eloquent\Builder.php(1454): call_user_func_array(Array, Array)
#4 C:\xampp\htdocs\mongo\app\Http\Controllers\PhotosController.php(22): Illuminate\Database\Eloquent\Builder->__call('all', Array)
#5 C:\xampp\htdocs\mongo\app\Http\Controllers\PhotosController.php(22): Jenssegers\Mongodb\Eloquent\Builder->all()
#6 [internal function]: App\Http\Controllers\PhotosController->photos('58287214f77d3a9...')
#7 C:\xampp\htdocs\mongo\vendor\laravel\framework\src\Illuminate\Routing\Controller.php(55): call_user_func_array(Array, Array)
#8 C:\xampp\htdocs\mongo\vendor\laravel\framework\src\Illuminate\Routing\ControllerDispatcher.php(44): Illuminate\Routing\Controller->callAction('photos', Array)
#9 C:\xampp\htdocs\mongo\vendor\laravel\framework\src\Illuminate\Routing\Route.php(190): Illuminate\Routing\ControllerDispatcher->dispatch(Object(Illuminate\Routing\Route), Object(App\Http\Controllers\PhotosController), 'photos')
#10 C:\xampp\htdocs\mongo\vendor\laravel\framework\src\Illuminate\Routing\Route.php(144): Illuminate\Routing\Route->runController()
#11 C:\xampp\htdocs\mongo\vendor\laravel\framework\src\Illuminate\Routing\Router.php(642): Illuminate\Routing\Route->run(Object(Illuminate\Http\Request))
#12 C:\xampp\htdocs\mongo\vendor\laravel\framework\src\Illuminate\Routing\Pipeline.php(53): Illuminate\Routing\Router->Illuminate\Routing\{closure}(Object(Illuminate\Http\Request))
#13 C:\xampp\htdocs\mongo\vendor\laravel\framework\src\Illuminate\Routing\Middleware\SubstituteBindings.php(41): Illuminate\Routing\Pipeline->Illuminate\Routing\{closure}(Object(Illuminate\Http\Request))
#14 C:\xampp\htdocs\mongo\vendor\laravel\framework\src\Illuminate\Pipeline\Pipeline.php(137): Illuminate\Routing\Middleware\SubstituteBindings->handle(Object(Illuminate\Http\Request), Object(Closure))
#15 C:\xampp\htdocs\mongo\vendor\laravel\framework\src\Illuminate\Routing\Pipeline.php(33): Illuminate\Pipeline\Pipeline->Illuminate\Pipeline\{closure}(Object(Illuminate\Http\Request))
#16 C:\xampp\htdocs\mongo\vendor\laravel\framework\src\Illuminate\Foundation\Http\Middleware\VerifyCsrfToken.php(65): Illuminate\Routing\Pipeline->Illuminate\Routing\{closure}(Object(Illuminate\Http\Request))
#17 C:\xampp\htdocs\mongo\vendor\laravel\framework\src\Illuminate\Pipeline\Pipeline.php(137): Illuminate\Foundation\Http\Middleware\VerifyCsrfToken->handle(Object(Illuminate\Http\Request), Object(Closure))
#18 C:\xampp\htdocs\mongo\vendor\laravel\framework\src\Illuminate\Routing\Pipeline.php(33): Illuminate\Pipeline\Pipeline->Illuminate\Pipeline\{closure}(Object(Illuminate\Http\Request))
#19 C:\xampp\htdocs\mongo\vendor\laravel\framework\src\Illuminate\View\Middleware\ShareErrorsFromSession.php(49): Illuminate\Routing\Pipeline->Illuminate\Routing\{closure}(Object(Illuminate\Http\Request))
#20 C:\xampp\htdocs\mongo\vendor\laravel\framework\src\Illuminate\Pipeline\Pipeline.php(137): Illuminate\View\Middleware\ShareErrorsFromSession->handle(Object(Illuminate\Http\Request), Object(Closure))
#21 C:\xampp\htdocs\mongo\vendor\laravel\framework\src\Illuminate\Routing\Pipeline.php(33): Illuminate\Pipeline\Pipeline->Illuminate\Pipeline\{closure}(Object(Illuminate\Http\Request))
#22 C:\xampp\htdocs\mongo\vendor\laravel\framework\src\Illuminate\Session\Middleware\StartSession.php(64): Illuminate\Routing\Pipeline->Illuminate\Routing\{closure}(Object(Illuminate\Http\Request))
#23 C:\xampp\htdocs\mongo\vendor\laravel\framework\src\Illuminate\Pipeline\Pipeline.php(137): Illuminate\Session\Middleware\StartSession->handle(Object(Illuminate\Http\Request), Object(Closure))
#24 C:\xampp\htdocs\mongo\vendor\laravel\framework\src\Illuminate\Routing\Pipeline.php(33): Illuminate\Pipeline\Pipeline->Illuminate\Pipeline\{closure}(Object(Illuminate\Http\Request))
#25 C:\xampp\htdocs\mongo\vendor\laravel\framework\src\Illuminate\Cookie\Middleware\AddQueuedCookiesToResponse.php(37): Illuminate\Routing\Pipeline->Illuminate\Routing\{closure}(Object(Illuminate\Http\Request))
#26 C:\xampp\htdocs\mongo\vendor\laravel\framework\src\Illuminate\Pipeline\Pipeline.php(137): Illuminate\Cookie\Middleware\AddQueuedCookiesToResponse->handle(Object(Illuminate\Http\Request), Object(Closure))
#27 C:\xampp\htdocs\mongo\vendor\laravel\framework\src\Illuminate\Routing\Pipeline.php(33): Illuminate\Pipeline\Pipeline->Illuminate\Pipeline\{closure}(Object(Illuminate\Http\Request))
#28 C:\xampp\htdocs\mongo\vendor\laravel\framework\src\Illuminate\Cookie\Middleware\EncryptCookies.php(59): Illuminate\Routing\Pipeline->Illuminate\Routing\{closure}(Object(Illuminate\Http\Request))
#29 C:\xampp\htdocs\mongo\vendor\laravel\framework\src\Illuminate\Pipeline\Pipeline.php(137): Illuminate\Cookie\Middleware\EncryptCookies->handle(Object(Illuminate\Http\Request), Object(Closure))
#30 C:\xampp\htdocs\mongo\vendor\laravel\framework\src\Illuminate\Routing\Pipeline.php(33): Illuminate\Pipeline\Pipeline->Illuminate\Pipeline\{closure}(Object(Illuminate\Http\Request))
#31 C:\xampp\htdocs\mongo\vendor\laravel\framework\src\Illuminate\Pipeline\Pipeline.php(104): Illuminate\Routing\Pipeline->Illuminate\Routing\{closure}(Object(Illuminate\Http\Request))
#32 C:\xampp\htdocs\mongo\vendor\laravel\framework\src\Illuminate\Routing\Router.php(644): Illuminate\Pipeline\Pipeline->then(Object(Closure))
#33 C:\xampp\htdocs\mongo\vendor\laravel\framework\src\Illuminate\Routing\Router.php(618): Illuminate\Routing\Router->runRouteWithinStack(Object(Illuminate\Routing\Route), Object(Illuminate\Http\Request))
#34 C:\xampp\htdocs\mongo\vendor\laravel\framework\src\Illuminate\Routing\Router.php(596): Illuminate\Routing\Router->dispatchToRoute(Object(Illuminate\Http\Request))
#35 C:\xampp\htdocs\mongo\vendor\laravel\framework\src\Illuminate\Foundation\Http\Kernel.php(267): Illuminate\Routing\Router->dispatch(Object(Illuminate\Http\Request))
#36 C:\xampp\htdocs\mongo\vendor\laravel\framework\src\Illuminate\Routing\Pipeline.php(53): Illuminate\Foundation\Http\Kernel->Illuminate\Foundation\Http\{closure}(Object(Illuminate\Http\Request))
#37 C:\xampp\htdocs\mongo\vendor\laravel\framework\src\Illuminate\Foundation\Http\Middleware\CheckForMaintenanceMode.php(46): Illuminate\Routing\Pipeline->Illuminate\Routing\{closure}(Object(Illuminate\Http\Request))
#38 C:\xampp\htdocs\mongo\vendor\laravel\framework\src\Illuminate\Pipeline\Pipeline.php(137): Illuminate\Foundation\Http\Middleware\CheckForMaintenanceMode->handle(Object(Illuminate\Http\Request), Object(Closure))
#39 C:\xampp\htdocs\mongo\vendor\laravel\framework\src\Illuminate\Routing\Pipeline.php(33): Illuminate\Pipeline\Pipeline->Illuminate\Pipeline\{closure}(Object(Illuminate\Http\Request))
#40 C:\xampp\htdocs\mongo\vendor\laravel\framework\src\Illuminate\Pipeline\Pipeline.php(104): Illuminate\Routing\Pipeline->Illuminate\Routing\{closure}(Object(Illuminate\Http\Request))
#41 C:\xampp\htdocs\mongo\vendor\laravel\framework\src\Illuminate\Foundation\Http\Kernel.php(149): Illuminate\Pipeline\Pipeline->then(Object(Closure))
#42 C:\xampp\htdocs\mongo\vendor\laravel\framework\src\Illuminate\Foundation\Http\Kernel.php(116): Illuminate\Foundation\Http\Kernel->sendRequestThroughRouter(Object(Illuminate\Http\Request))
#43 C:\xampp\htdocs\mongo\public\index.php(54): Illuminate\Foundation\Http\Kernel->handle(Object(Illuminate\Http\Request))
#44 C:\xampp\htdocs\mongo\server.php(21): require_once('C:\\xampp\\htdocs...')
#45 {main}  
