0 info it worked if it ends with ok
1 verbose cli [ 'node', '/usr/local/bin/npm', 'install', '-g', 'bower' ]
2 info using npm@3.10.7
3 info using node@v0.10.25
4 verbose node symlink /usr/bin/node
5 silly loadCurrentTree Starting
6 silly install loadCurrentTree
7 silly install readGlobalPackageData
8 silly fetchPackageMetaData bower
9 silly fetchNamedPackageData bower
10 silly mapToRegistry name bower
11 silly mapToRegistry using default registry
12 silly mapToRegistry registry https://registry.npmjs.org/
13 silly mapToRegistry data { raw: 'bower',
13 silly mapToRegistry   scope: null,
13 silly mapToRegistry   escapedName: 'bower',
13 silly mapToRegistry   name: 'bower',
13 silly mapToRegistry   rawSpec: '',
13 silly mapToRegistry   spec: 'latest',
13 silly mapToRegistry   type: 'tag' }
14 silly mapToRegistry uri https://registry.npmjs.org/bower
15 verbose request uri https://registry.npmjs.org/bower
16 verbose request no auth needed
17 info attempt registry request try #1 at 20:06:23
18 verbose request using bearer token for auth
19 verbose request id 97fd16ae24ae5ebe
20 http request GET https://registry.npmjs.org/bower
21 http 200 https://registry.npmjs.org/bower
22 verbose headers { server: 'CouchDB/1.5.0 (Erlang OTP/R16B03)',
22 verbose headers   etag: '"DDSCQS28WAYRKC6MDPEB68JTV"',
22 verbose headers   'content-type': 'application/json',
22 verbose headers   'content-encoding': 'gzip',
22 verbose headers   'cache-control': 'max-age=300',
22 verbose headers   'transfer-encoding': 'chunked',
22 verbose headers   'accept-ranges': 'bytes',
22 verbose headers   date: 'Sun, 09 Oct 2016 14:36:25 GMT',
22 verbose headers   via: '1.1 varnish',
22 verbose headers   connection: 'keep-alive',
22 verbose headers   'x-served-by': 'cache-lcy1129-LCY',
22 verbose headers   'x-cache': 'MISS',
22 verbose headers   'x-cache-hits': '0',
22 verbose headers   'x-timer': 'S1476023785.128507,VS0,VE389',
22 verbose headers   vary: 'Accept-Encoding' }
23 silly get cb [ 200,
23 silly get   { server: 'CouchDB/1.5.0 (Erlang OTP/R16B03)',
23 silly get     etag: '"DDSCQS28WAYRKC6MDPEB68JTV"',
23 silly get     'content-type': 'application/json',
23 silly get     'content-encoding': 'gzip',
23 silly get     'cache-control': 'max-age=300',
23 silly get     'transfer-encoding': 'chunked',
23 silly get     'accept-ranges': 'bytes',
23 silly get     date: 'Sun, 09 Oct 2016 14:36:25 GMT',
23 silly get     via: '1.1 varnish',
23 silly get     connection: 'keep-alive',
23 silly get     'x-served-by': 'cache-lcy1129-LCY',
23 silly get     'x-cache': 'MISS',
23 silly get     'x-cache-hits': '0',
23 silly get     'x-timer': 'S1476023785.128507,VS0,VE389',
23 silly get     vary: 'Accept-Encoding' } ]
24 verbose get saving bower to /home/adi/.npm/registry.npmjs.org/bower/.cache.json
25 verbose correctMkdir /home/adi/.npm correctMkdir not in flight; initializing
26 silly install normalizeTree
27 silly loadCurrentTree Finishing
28 silly loadIdealTree Starting
29 silly install loadIdealTree
30 silly cloneCurrentTree Starting
31 silly install cloneCurrentTreeToIdealTree
32 silly cloneCurrentTree Finishing
33 silly loadShrinkwrap Starting
34 silly install loadShrinkwrap
35 silly loadShrinkwrap Finishing
36 silly loadAllDepsIntoIdealTree Starting
37 silly install loadAllDepsIntoIdealTree
38 silly resolveWithNewModule bower@1.7.9 checking installable status
39 silly cache add args [ 'bower', null ]
40 verbose cache add spec bower
41 silly cache add parsed spec { raw: 'bower',
41 silly cache add   scope: null,
41 silly cache add   escapedName: 'bower',
41 silly cache add   name: 'bower',
41 silly cache add   rawSpec: '',
41 silly cache add   spec: 'latest',
41 silly cache add   type: 'tag' }
42 silly addNamed bower@latest
43 verbose addNamed "latest" is being treated as a dist-tag for bower
44 info addNameTag [ 'bower', 'latest' ]
45 silly mapToRegistry name bower
46 silly mapToRegistry using default registry
47 silly mapToRegistry registry https://registry.npmjs.org/
48 silly mapToRegistry data { raw: 'bower',
48 silly mapToRegistry   scope: null,
48 silly mapToRegistry   escapedName: 'bower',
48 silly mapToRegistry   name: 'bower',
48 silly mapToRegistry   rawSpec: '',
48 silly mapToRegistry   spec: 'latest',
48 silly mapToRegistry   type: 'tag' }
49 silly mapToRegistry uri https://registry.npmjs.org/bower
50 verbose addNameTag registry:https://registry.npmjs.org/bower not in flight; fetching
51 verbose get https://registry.npmjs.org/bower not expired, no request
52 silly addNameTag next cb for bower with tag latest
53 silly addNamed bower@1.7.9
54 verbose addNamed "1.7.9" is a plain semver version for bower
55 silly cache afterAdd bower@1.7.9
56 verbose afterAdd /home/adi/.npm/bower/1.7.9/package/package.json not in flight; writing
57 verbose correctMkdir /home/adi/.npm correctMkdir not in flight; initializing
58 verbose afterAdd /home/adi/.npm/bower/1.7.9/package/package.json written
59 silly loadAllDepsIntoIdealTree Finishing
60 silly loadIdealTree Finishing
61 silly currentTree lib
62 silly idealTree lib
62 silly idealTree `-- bower@1.7.9
63 silly generateActionsToTake Starting
64 silly install generateActionsToTake
65 warn checkPermissions Missing write access to /usr/lib/node_modules
66 silly rollbackFailedOptional Starting
67 silly rollbackFailedOptional Finishing
68 silly runTopLevelLifecycles Finishing
69 silly install printInstalled
70 verbose stack Error: EACCES, access '/usr/lib/node_modules'
70 verbose stack     at module.exports (/usr/local/lib/node_modules/npm/lib/install/access-error.js:4:18)
70 verbose stack     at /usr/local/lib/node_modules/npm/lib/install/writable.js:30:25
70 verbose stack     at /usr/local/lib/node_modules/npm/node_modules/graceful-fs/graceful-fs.js:232:16
70 verbose stack     at Object.oncomplete (fs.js:107:15)
71 verbose cwd /media/adi/Coding/git/startMean
72 error Linux 4.4.0-38-generic
73 error argv "node" "/usr/local/bin/npm" "install" "-g" "bower"
74 error node v0.10.25
75 error npm  v3.10.7
76 error path /usr/lib/node_modules
77 error code EACCES
78 error Error: EACCES, access '/usr/lib/node_modules'
78 error     at module.exports (/usr/local/lib/node_modules/npm/lib/install/access-error.js:4:18)
78 error     at /usr/local/lib/node_modules/npm/lib/install/writable.js:30:25
78 error     at /usr/local/lib/node_modules/npm/node_modules/graceful-fs/graceful-fs.js:232:16
78 error     at Object.oncomplete (fs.js:107:15)
78 error  { [Error: EACCES, access '/usr/lib/node_modules'] code: 'EACCES', path: '/usr/lib/node_modules' }
79 error Please try running this command again as root/Administrator.
80 verbose exit [ 1, true ]
